-------------------------------------------------------------------------------
Test set: com.spark.masterdata.team.MasterdataTeamApplicationTests
-------------------------------------------------------------------------------
Tests run: 1, Failures: 0, Errors: 1, Skipped: 0, Time elapsed: 12.807 s <<< FAILURE! - in com.spark.masterdata.team.MasterdataTeamApplicationTests
contextLoads(com.spark.masterdata.team.MasterdataTeamApplicationTests)  Time elapsed: 0 s  <<< ERROR!
java.lang.IllegalStateException: Failed to load ApplicationContext
Caused by: org.springframework.beans.factory.UnsatisfiedDependencyException: 
Error creating bean with name 'org.springframework.boot.autoconfigure.orm.jpa.HibernateJpaConfiguration': Unsatisfied dependency expressed through constructor parameter 0; nested exception is org.springframework.beans.factory.BeanCreationException: Error creating bean with name 'dataSource' defined in class path resource [org/springframework/boot/autoconfigure/jdbc/DataSourceConfiguration$Hikari.class]: Initialization of bean failed; nested exception is org.springframework.beans.factory.BeanCreationException: Error creating bean with name 'org.springframework.boot.autoconfigure.jdbc.DataSourceInitializerInvoker': Invocation of init method failed; nested exception is org.springframework.jdbc.datasource.init.ScriptStatementFailedException: Failed to execute SQL script statement #1 of URL [file:/D:/Sakthi_Tasks/ws_masterdata_team/target/classes/data.sql]: insert into team values(1,'Sakthi', 'Team Management'); nested exception is org.h2.jdbc.JdbcSQLException: Table "TEAM" not found; SQL statement:
insert into team values(1,'Sakthi', 'Team Management') [42102-197]
Caused by: org.springframework.beans.factory.BeanCreationException: 
Error creating bean with name 'dataSource' defined in class path resource [org/springframework/boot/autoconfigure/jdbc/DataSourceConfiguration$Hikari.class]: Initialization of bean failed; nested exception is org.springframework.beans.factory.BeanCreationException: Error creating bean with name 'org.springframework.boot.autoconfigure.jdbc.DataSourceInitializerInvoker': Invocation of init method failed; nested exception is org.springframework.jdbc.datasource.init.ScriptStatementFailedException: Failed to execute SQL script statement #1 of URL [file:/D:/Sakthi_Tasks/ws_masterdata_team/target/classes/data.sql]: insert into team values(1,'Sakthi', 'Team Management'); nested exception is org.h2.jdbc.JdbcSQLException: Table "TEAM" not found; SQL statement:
insert into team values(1,'Sakthi', 'Team Management') [42102-197]
Caused by: org.springframework.beans.factory.BeanCreationException: 
Error creating bean with name 'org.springframework.boot.autoconfigure.jdbc.DataSourceInitializerInvoker': Invocation of init method failed; nested exception is org.springframework.jdbc.datasource.init.ScriptStatementFailedException: Failed to execute SQL script statement #1 of URL [file:/D:/Sakthi_Tasks/ws_masterdata_team/target/classes/data.sql]: insert into team values(1,'Sakthi', 'Team Management'); nested exception is org.h2.jdbc.JdbcSQLException: Table "TEAM" not found; SQL statement:
insert into team values(1,'Sakthi', 'Team Management') [42102-197]
Caused by: org.springframework.jdbc.datasource.init.ScriptStatementFailedException: 
Failed to execute SQL script statement #1 of URL [file:/D:/Sakthi_Tasks/ws_masterdata_team/target/classes/data.sql]: insert into team values(1,'Sakthi', 'Team Management'); nested exception is org.h2.jdbc.JdbcSQLException: Table "TEAM" not found; SQL statement:
insert into team values(1,'Sakthi', 'Team Management') [42102-197]
Caused by: org.h2.jdbc.JdbcSQLException: 
Table "TEAM" not found; SQL statement:
insert into team values(1,'Sakthi', 'Team Management') [42102-197]

