<?xml version="1.0" encoding="UTF-8"?>
<testsuite xmlns:xsi="http://www.w3.org/2001/XMLSchema-instance" xsi:noNamespaceSchemaLocation="https://maven.apache.org/surefire/maven-surefire-plugin/xsd/surefire-test-report.xsd" name="com.spark.masterdata.team.MasterdataTeamApplicationTests" time="12.807" tests="1" errors="1" skipped="0" failures="0">
  <properties>
[...]
</properties>
  <testcase name="contextLoads" classname="com.spark.masterdata.team.MasterdataTeamApplicationTests" time="0">
    <error message="Failed to load ApplicationContext" type="java.lang.IllegalStateException">java.lang.IllegalStateException: Failed to load ApplicationContext
Caused by: org.springframework.beans.factory.UnsatisfiedDependencyException: 
Error creating bean with name 'org.springframework.boot.autoconfigure.orm.jpa.HibernateJpaConfiguration': Unsatisfied dependency expressed through constructor parameter 0; nested exception is org.springframework.beans.factory.BeanCreationException: Error creating bean with name 'dataSource' defined in class path resource [org/springframework/boot/autoconfigure/jdbc/DataSourceConfiguration$Hikari.class]: Initialization of bean failed; nested exception is org.springframework.beans.factory.BeanCreationException: Error creating bean with name 'org.springframework.boot.autoconfigure.jdbc.DataSourceInitializerInvoker': Invocation of init method failed; nested exception is org.springframework.jdbc.datasource.init.ScriptStatementFailedException: Failed to execute SQL script statement #1 of URL [file:/D:/Sakthi_Tasks/ws_masterdata_team/target/classes/data.sql]: insert into team values(1,'Sakthi', 'Team Management'); nested exception is org.h2.jdbc.JdbcSQLException: Table "TEAM" not found; SQL statement:
insert into team values(1,'Sakthi', 'Team Management') [42102-197]
Caused by: org.springframework.beans.factory.BeanCreationException: 
Error creating bean with name 'dataSource' defined in class path resource [org/springframework/boot/autoconfigure/jdbc/DataSourceConfiguration$Hikari.class]: Initialization of bean failed; nested exception is org.springframework.beans.factory.BeanCreationException: Error creating bean with name 'org.springframework.boot.autoconfigure.jdbc.DataSourceInitializerInvoker': Invocation of init method failed; nested exception is org.springframework.jdbc.datasource.init.ScriptStatementFailedException: Failed to execute SQL script statement #1 of URL [file:/D:/Sakthi_Tasks/ws_masterdata_team/target/classes/data.sql]: insert into team values(1,'Sakthi', 'Team Management'); nested exception is org.h2.jdbc.JdbcSQLException: Table "TEAM" not found; SQL statement:
insert into team values(1,'Sakthi', 'Team Management') [42102-197]
Caused by: org.springframework.beans.factory.BeanCreationException: 
Error creating bean with name 'org.springframework.boot.autoconfigure.jdbc.DataSourceInitializerInvoker': Invocation of init method failed; nested exception is org.springframework.jdbc.datasource.init.ScriptStatementFailedException: Failed to execute SQL script statement #1 of URL [file:/D:/Sakthi_Tasks/ws_masterdata_team/target/classes/data.sql]: insert into team values(1,'Sakthi', 'Team Management'); nested exception is org.h2.jdbc.JdbcSQLException: Table "TEAM" not found; SQL statement:
insert into team values(1,'Sakthi', 'Team Management') [42102-197]
Caused by: org.springframework.jdbc.datasource.init.ScriptStatementFailedException: 
Failed to execute SQL script statement #1 of URL [file:/D:/Sakthi_Tasks/ws_masterdata_team/target/classes/data.sql]: insert into team values(1,'Sakthi', 'Team Management'); nested exception is org.h2.jdbc.JdbcSQLException: Table "TEAM" not found; SQL statement:
insert into team values(1,'Sakthi', 'Team Management') [42102-197]
Caused by: org.h2.jdbc.JdbcSQLException: 
Table "TEAM" not found; SQL statement:
insert into team values(1,'Sakthi', 'Team Management') [42102-197]
</error>
    <system-out><![CDATA[17:40:17.812 [main] DEBUG org.springframework.test.context.junit4.SpringJUnit4ClassRunner - SpringJUnit4ClassRunner constructor called with [class com.spark.masterdata.team.MasterdataTeamApplicationTests]
17:40:17.812 [main] DEBUG org.springframework.test.context.BootstrapUtils - Instantiating CacheAwareContextLoaderDelegate from class [org.springframework.test.context.cache.DefaultCacheAwareContextLoaderDelegate]
17:40:17.828 [main] DEBUG org.springframework.test.context.BootstrapUtils - Instantiating BootstrapContext using constructor [public org.springframework.test.context.support.DefaultBootstrapContext(java.lang.Class,org.springframework.test.context.CacheAwareContextLoaderDelegate)]
17:40:17.875 [main] DEBUG org.springframework.test.context.BootstrapUtils - Instantiating TestContextBootstrapper for test class [com.spark.masterdata.team.MasterdataTeamApplicationTests] from class [org.springframework.boot.test.context.SpringBootTestContextBootstrapper]
17:40:17.913 [main] INFO org.springframework.boot.test.context.SpringBootTestContextBootstrapper - Neither @ContextConfiguration nor @ContextHierarchy found for test class [com.spark.masterdata.team.MasterdataTeamApplicationTests], using SpringBootContextLoader
17:40:17.913 [main] DEBUG org.springframework.test.context.support.AbstractContextLoader - Did not detect default resource location for test class [com.spark.masterdata.team.MasterdataTeamApplicationTests]: class path resource [com/spark/masterdata/team/MasterdataTeamApplicationTests-context.xml] does not exist
17:40:17.928 [main] DEBUG org.springframework.test.context.support.AbstractContextLoader - Did not detect default resource location for test class [com.spark.masterdata.team.MasterdataTeamApplicationTests]: class path resource [com/spark/masterdata/team/MasterdataTeamApplicationTestsContext.groovy] does not exist
17:40:17.928 [main] INFO org.springframework.test.context.support.AbstractContextLoader - Could not detect default resource locations for test class [com.spark.masterdata.team.MasterdataTeamApplicationTests]: no resource found for suffixes {-context.xml, Context.groovy}.
17:40:17.928 [main] INFO org.springframework.test.context.support.AnnotationConfigContextLoaderUtils - Could not detect default configuration classes for test class [com.spark.masterdata.team.MasterdataTeamApplicationTests]: MasterdataTeamApplicationTests does not declare any static, non-private, non-final, nested classes annotated with @Configuration.
17:40:18.052 [main] DEBUG org.springframework.test.context.support.ActiveProfilesUtils - Could not find an 'annotation declaring class' for annotation type [org.springframework.test.context.ActiveProfiles] and class [com.spark.masterdata.team.MasterdataTeamApplicationTests]
17:40:18.080 [main] DEBUG org.springframework.core.env.StandardEnvironment - Adding PropertySource 'systemProperties' with lowest search precedence
17:40:18.081 [main] DEBUG org.springframework.core.env.StandardEnvironment - Adding PropertySource 'systemEnvironment' with lowest search precedence
17:40:18.082 [main] DEBUG org.springframework.core.env.StandardEnvironment - Initialized StandardEnvironment with PropertySources [MapPropertySource@827084938 {name='systemProperties', properties={java.runtime.name=Java(TM) SE Runtime Environment, sun.boot.library.path=C:\Program Files\Java\jdk1.8.0_65\jre\bin, java.vm.version=25.65-b01, java.vm.vendor=Oracle Corporation, java.vendor.url=http://java.oracle.com/, path.separator=;, java.vm.name=Java HotSpot(TM) 64-Bit Server VM, file.encoding.pkg=sun.io, user.country=US, user.script=, sun.java.launcher=SUN_STANDARD, sun.os.patch.level=, java.vm.specification.name=Java Virtual Machine Specification, user.dir=D:\Sakthi_Tasks\ws_masterdata_team, java.runtime.version=1.8.0_65-b17, basedir=D:\Sakthi_Tasks\ws_masterdata_team, java.awt.graphicsenv=sun.awt.Win32GraphicsEnvironment, java.endorsed.dirs=C:\Program Files\Java\jdk1.8.0_65\jre\lib\endorsed, os.arch=amd64, surefire.real.class.path=C:\Users\SANJAY~1\AppData\Local\Temp\surefire8535187278932895763\surefirebooter7744775785195947448.jar, java.io.tmpdir=C:\Users\SANJAY~1\AppData\Local\Temp\, line.separator=
, java.vm.specification.vendor=Oracle Corporation, user.variant=, os.name=Windows 10, sun.jnu.encoding=Cp1252, java.library.path=C:\Program Files\Java\jdk1.8.0_65\jre\bin;C:\WINDOWS\Sun\Java\bin;C:\WINDOWS\system32;C:\WINDOWS;C:\WINDOWS\system32;C:\WINDOWS;C:\WINDOWS\System32\Wbem;C:\WINDOWS\System32\WindowsPowerShell\v1.0\;D:\software\apache-maven-3.5.3\bin;C:\Program Files\Java\jdk1.8.0_65\bin;C:\Program Files\Git\cmd;C:\Users\Sanjay Gupta\AppData\Local\Microsoft\WindowsApps;D:\software\apache-maven-3.5.3;., surefire.test.class.path=D:\Sakthi_Tasks\ws_masterdata_team\target\test-classes;D:\Sakthi_Tasks\ws_masterdata_team\target\classes;D:\software\maven repo\org\springframework\boot\spring-boot-starter-web\2.0.1.RELEASE\spring-boot-starter-web-2.0.1.RELEASE.jar;D:\software\maven repo\org\springframework\boot\spring-boot-starter\2.0.1.RELEASE\spring-boot-starter-2.0.1.RELEASE.jar;D:\software\maven repo\org\springframework\boot\spring-boot\2.0.1.RELEASE\spring-boot-2.0.1.RELEASE.jar;D:\software\maven repo\org\springframework\boot\spring-boot-autoconfigure\2.0.1.RELEASE\spring-boot-autoconfigure-2.0.1.RELEASE.jar;D:\software\maven repo\org\springframework\boot\spring-boot-starter-logging\2.0.1.RELEASE\spring-boot-starter-logging-2.0.1.RELEASE.jar;D:\software\maven repo\ch\qos\logback\logback-classic\1.2.3\logback-classic-1.2.3.jar;D:\software\maven repo\ch\qos\logback\logback-core\1.2.3\logback-core-1.2.3.jar;D:\software\maven repo\org\apache\logging\log4j\log4j-to-slf4j\2.10.0\log4j-to-slf4j-2.10.0.jar;D:\software\maven repo\org\apache\logging\log4j\log4j-api\2.10.0\log4j-api-2.10.0.jar;D:\software\maven repo\org\slf4j\jul-to-slf4j\1.7.25\jul-to-slf4j-1.7.25.jar;D:\software\maven repo\javax\annotation\javax.annotation-api\1.3.2\javax.annotation-api-1.3.2.jar;D:\software\maven repo\org\yaml\snakeyaml\1.19\snakeyaml-1.19.jar;D:\software\maven repo\org\springframework\boot\spring-boot-starter-json\2.0.1.RELEASE\spring-boot-starter-json-2.0.1.RELEASE.jar;D:\software\maven repo\com\fasterxml\jackson\core\jackson-databind\2.9.5\jackson-databind-2.9.5.jar;D:\software\maven repo\com\fasterxml\jackson\core\jackson-core\2.9.5\jackson-core-2.9.5.jar;D:\software\maven repo\com\fasterxml\jackson\datatype\jackson-datatype-jdk8\2.9.5\jackson-datatype-jdk8-2.9.5.jar;D:\software\maven repo\com\fasterxml\jackson\datatype\jackson-datatype-jsr310\2.9.5\jackson-datatype-jsr310-2.9.5.jar;D:\software\maven repo\com\fasterxml\jackson\module\jackson-module-parameter-names\2.9.5\jackson-module-parameter-names-2.9.5.jar;D:\software\maven repo\org\springframework\boot\spring-boot-starter-tomcat\2.0.1.RELEASE\spring-boot-starter-tomcat-2.0.1.RELEASE.jar;D:\software\maven repo\org\apache\tomcat\embed\tomcat-embed-core\8.5.29\tomcat-embed-core-8.5.29.jar;D:\software\maven repo\org\apache\tomcat\embed\tomcat-embed-el\8.5.29\tomcat-embed-el-8.5.29.jar;D:\software\maven repo\org\apache\tomcat\embed\tomcat-embed-websocket\8.5.29\tomcat-embed-websocket-8.5.29.jar;D:\software\maven repo\org\hibernate\validator\hibernate-validator\6.0.9.Final\hibernate-validator-6.0.9.Final.jar;D:\software\maven repo\javax\validation\validation-api\2.0.1.Final\validation-api-2.0.1.Final.jar;D:\software\maven repo\org\jboss\logging\jboss-logging\3.3.2.Final\jboss-logging-3.3.2.Final.jar;D:\software\maven repo\com\fasterxml\classmate\1.3.4\classmate-1.3.4.jar;D:\software\maven repo\org\springframework\spring-web\5.0.5.RELEASE\spring-web-5.0.5.RELEASE.jar;D:\software\maven repo\org\springframework\spring-beans\5.0.5.RELEASE\spring-beans-5.0.5.RELEASE.jar;D:\software\maven repo\org\springframework\spring-webmvc\5.0.5.RELEASE\spring-webmvc-5.0.5.RELEASE.jar;D:\software\maven repo\org\springframework\spring-aop\5.0.5.RELEASE\spring-aop-5.0.5.RELEASE.jar;D:\software\maven repo\org\springframework\spring-context\5.0.5.RELEASE\spring-context-5.0.5.RELEASE.jar;D:\software\maven repo\org\springframework\spring-expression\5.0.5.RELEASE\spring-expression-5.0.5.RELEASE.jar;D:\software\maven repo\org\springframework\boot\spring-boot-starter-data-rest\2.0.1.RELEASE\spring-boot-starter-data-rest-2.0.1.RELEASE.jar;D:\software\maven repo\org\springframework\data\spring-data-rest-webmvc\3.0.6.RELEASE\spring-data-rest-webmvc-3.0.6.RELEASE.jar;D:\software\maven repo\org\springframework\data\spring-data-rest-core\3.0.6.RELEASE\spring-data-rest-core-3.0.6.RELEASE.jar;D:\software\maven repo\org\springframework\hateoas\spring-hateoas\0.24.0.RELEASE\spring-hateoas-0.24.0.RELEASE.jar;D:\software\maven repo\org\springframework\plugin\spring-plugin-core\1.2.0.RELEASE\spring-plugin-core-1.2.0.RELEASE.jar;D:\software\maven repo\org\atteo\evo-inflector\1.2.2\evo-inflector-1.2.2.jar;D:\software\maven repo\com\fasterxml\jackson\core\jackson-annotations\2.9.0\jackson-annotations-2.9.0.jar;D:\software\maven repo\org\slf4j\slf4j-api\1.7.25\slf4j-api-1.7.25.jar;D:\software\maven repo\com\h2database\h2\1.4.197\h2-1.4.197.jar;D:\software\maven repo\org\springframework\boot\spring-boot-starter-data-jpa\2.0.1.RELEASE\spring-boot-starter-data-jpa-2.0.1.RELEASE.jar;D:\software\maven repo\org\springframework\boot\spring-boot-starter-aop\2.0.1.RELEASE\spring-boot-starter-aop-2.0.1.RELEASE.jar;D:\software\maven repo\org\aspectj\aspectjweaver\1.8.13\aspectjweaver-1.8.13.jar;D:\software\maven repo\org\springframework\boot\spring-boot-starter-jdbc\2.0.1.RELEASE\spring-boot-starter-jdbc-2.0.1.RELEASE.jar;D:\software\maven repo\com\zaxxer\HikariCP\2.7.8\HikariCP-2.7.8.jar;D:\software\maven repo\org\springframework\spring-jdbc\5.0.5.RELEASE\spring-jdbc-5.0.5.RELEASE.jar;D:\software\maven repo\org\hibernate\hibernate-core\5.2.16.Final\hibernate-core-5.2.16.Final.jar;D:\software\maven repo\org\hibernate\javax\persistence\hibernate-jpa-2.1-api\1.0.0.Final\hibernate-jpa-2.1-api-1.0.0.Final.jar;D:\software\maven repo\org\javassist\javassist\3.22.0-GA\javassist-3.22.0-GA.jar;D:\software\maven repo\antlr\antlr\2.7.7\antlr-2.7.7.jar;D:\software\maven repo\org\jboss\jandex\2.0.3.Final\jandex-2.0.3.Final.jar;D:\software\maven repo\dom4j\dom4j\1.6.1\dom4j-1.6.1.jar;D:\software\maven repo\org\hibernate\common\hibernate-commons-annotations\5.0.1.Final\hibernate-commons-annotations-5.0.1.Final.jar;D:\software\maven repo\javax\transaction\javax.transaction-api\1.2\javax.transaction-api-1.2.jar;D:\software\maven repo\org\springframework\data\spring-data-jpa\2.0.6.RELEASE\spring-data-jpa-2.0.6.RELEASE.jar;D:\software\maven repo\org\springframework\data\spring-data-commons\2.0.6.RELEASE\spring-data-commons-2.0.6.RELEASE.jar;D:\software\maven repo\org\springframework\spring-orm\5.0.5.RELEASE\spring-orm-5.0.5.RELEASE.jar;D:\software\maven repo\org\springframework\spring-tx\5.0.5.RELEASE\spring-tx-5.0.5.RELEASE.jar;D:\software\maven repo\org\springframework\spring-aspects\5.0.5.RELEASE\spring-aspects-5.0.5.RELEASE.jar;D:\software\maven repo\org\springframework\boot\spring-boot-starter-test\2.0.1.RELEASE\spring-boot-starter-test-2.0.1.RELEASE.jar;D:\software\maven repo\org\springframework\boot\spring-boot-test\2.0.1.RELEASE\spring-boot-test-2.0.1.RELEASE.jar;D:\software\maven repo\org\springframework\boot\spring-boot-test-autoconfigure\2.0.1.RELEASE\spring-boot-test-autoconfigure-2.0.1.RELEASE.jar;D:\software\maven repo\com\jayway\jsonpath\json-path\2.4.0\json-path-2.4.0.jar;D:\software\maven repo\net\minidev\json-smart\2.3\json-smart-2.3.jar;D:\software\maven repo\net\minidev\accessors-smart\1.2\accessors-smart-1.2.jar;D:\software\maven repo\org\ow2\asm\asm\5.0.4\asm-5.0.4.jar;D:\software\maven repo\junit\junit\4.12\junit-4.12.jar;D:\software\maven repo\org\assertj\assertj-core\3.9.1\assertj-core-3.9.1.jar;D:\software\maven repo\org\mockito\mockito-core\2.15.0\mockito-core-2.15.0.jar;D:\software\maven repo\net\bytebuddy\byte-buddy\1.7.11\byte-buddy-1.7.11.jar;D:\software\maven repo\net\bytebuddy\byte-buddy-agent\1.7.11\byte-buddy-agent-1.7.11.jar;D:\software\maven repo\org\objenesis\objenesis\2.6\objenesis-2.6.jar;D:\software\maven repo\org\hamcrest\hamcrest-core\1.3\hamcrest-core-1.3.jar;D:\software\maven repo\org\hamcrest\hamcrest-library\1.3\hamcrest-library-1.3.jar;D:\software\maven repo\org\skyscreamer\jsonassert\1.5.0\jsonassert-1.5.0.jar;D:\software\maven repo\com\vaadin\external\google\android-json\0.0.20131108.vaadin1\android-json-0.0.20131108.vaadin1.jar;D:\software\maven repo\org\springframework\spring-core\5.0.5.RELEASE\spring-core-5.0.5.RELEASE.jar;D:\software\maven repo\org\springframework\spring-jcl\5.0.5.RELEASE\spring-jcl-5.0.5.RELEASE.jar;D:\software\maven repo\org\springframework\spring-test\5.0.5.RELEASE\spring-test-5.0.5.RELEASE.jar;D:\software\maven repo\org\xmlunit\xmlunit-core\2.5.1\xmlunit-core-2.5.1.jar;D:\software\maven repo\org\projectlombok\lombok\1.16.20\lombok-1.16.20.jar;, java.specification.name=Java Platform API Specification, java.class.version=52.0, sun.management.compiler=HotSpot 64-Bit Tiered Compilers, os.version=10.0, user.home=C:\Users\Sanjay Gupta, user.timezone=Asia/Calcutta, java.awt.printerjob=sun.awt.windows.WPrinterJob, file.encoding=Cp1252, java.specification.version=1.8, java.class.path=D:\Sakthi_Tasks\ws_masterdata_team\target\test-classes;D:\Sakthi_Tasks\ws_masterdata_team\target\classes;D:\software\maven repo\org\springframework\boot\spring-boot-starter-web\2.0.1.RELEASE\spring-boot-starter-web-2.0.1.RELEASE.jar;D:\software\maven repo\org\springframework\boot\spring-boot-starter\2.0.1.RELEASE\spring-boot-starter-2.0.1.RELEASE.jar;D:\software\maven repo\org\springframework\boot\spring-boot\2.0.1.RELEASE\spring-boot-2.0.1.RELEASE.jar;D:\software\maven repo\org\springframework\boot\spring-boot-autoconfigure\2.0.1.RELEASE\spring-boot-autoconfigure-2.0.1.RELEASE.jar;D:\software\maven repo\org\springframework\boot\spring-boot-starter-logging\2.0.1.RELEASE\spring-boot-starter-logging-2.0.1.RELEASE.jar;D:\software\maven repo\ch\qos\logback\logback-classic\1.2.3\logback-classic-1.2.3.jar;D:\software\maven repo\ch\qos\logback\logback-core\1.2.3\logback-core-1.2.3.jar;D:\software\maven repo\org\apache\logging\log4j\log4j-to-slf4j\2.10.0\log4j-to-slf4j-2.10.0.jar;D:\software\maven repo\org\apache\logging\log4j\log4j-api\2.10.0\log4j-api-2.10.0.jar;D:\software\maven repo\org\slf4j\jul-to-slf4j\1.7.25\jul-to-slf4j-1.7.25.jar;D:\software\maven repo\javax\annotation\javax.annotation-api\1.3.2\javax.annotation-api-1.3.2.jar;D:\software\maven repo\org\yaml\snakeyaml\1.19\snakeyaml-1.19.jar;D:\software\maven repo\org\springframework\boot\spring-boot-starter-json\2.0.1.RELEASE\spring-boot-starter-json-2.0.1.RELEASE.jar;D:\software\maven repo\com\fasterxml\jackson\core\jackson-databind\2.9.5\jackson-databind-2.9.5.jar;D:\software\maven repo\com\fasterxml\jackson\core\jackson-core\2.9.5\jackson-core-2.9.5.jar;D:\software\maven repo\com\fasterxml\jackson\datatype\jackson-datatype-jdk8\2.9.5\jackson-datatype-jdk8-2.9.5.jar;D:\software\maven repo\com\fasterxml\jackson\datatype\jackson-datatype-jsr310\2.9.5\jackson-datatype-jsr310-2.9.5.jar;D:\software\maven repo\com\fasterxml\jackson\module\jackson-module-parameter-names\2.9.5\jackson-module-parameter-names-2.9.5.jar;D:\software\maven repo\org\springframework\boot\spring-boot-starter-tomcat\2.0.1.RELEASE\spring-boot-starter-tomcat-2.0.1.RELEASE.jar;D:\software\maven repo\org\apache\tomcat\embed\tomcat-embed-core\8.5.29\tomcat-embed-core-8.5.29.jar;D:\software\maven repo\org\apache\tomcat\embed\tomcat-embed-el\8.5.29\tomcat-embed-el-8.5.29.jar;D:\software\maven repo\org\apache\tomcat\embed\tomcat-embed-websocket\8.5.29\tomcat-embed-websocket-8.5.29.jar;D:\software\maven repo\org\hibernate\validator\hibernate-validator\6.0.9.Final\hibernate-validator-6.0.9.Final.jar;D:\software\maven repo\javax\validation\validation-api\2.0.1.Final\validation-api-2.0.1.Final.jar;D:\software\maven repo\org\jboss\logging\jboss-logging\3.3.2.Final\jboss-logging-3.3.2.Final.jar;D:\software\maven repo\com\fasterxml\classmate\1.3.4\classmate-1.3.4.jar;D:\software\maven repo\org\springframework\spring-web\5.0.5.RELEASE\spring-web-5.0.5.RELEASE.jar;D:\software\maven repo\org\springframework\spring-beans\5.0.5.RELEASE\spring-beans-5.0.5.RELEASE.jar;D:\software\maven repo\org\springframework\spring-webmvc\5.0.5.RELEASE\spring-webmvc-5.0.5.RELEASE.jar;D:\software\maven repo\org\springframework\spring-aop\5.0.5.RELEASE\spring-aop-5.0.5.RELEASE.jar;D:\software\maven repo\org\springframework\spring-context\5.0.5.RELEASE\spring-context-5.0.5.RELEASE.jar;D:\software\maven repo\org\springframework\spring-expression\5.0.5.RELEASE\spring-expression-5.0.5.RELEASE.jar;D:\software\maven repo\org\springframework\boot\spring-boot-starter-data-rest\2.0.1.RELEASE\spring-boot-starter-data-rest-2.0.1.RELEASE.jar;D:\software\maven repo\org\springframework\data\spring-data-rest-webmvc\3.0.6.RELEASE\spring-data-rest-webmvc-3.0.6.RELEASE.jar;D:\software\maven repo\org\springframework\data\spring-data-rest-core\3.0.6.RELEASE\spring-data-rest-core-3.0.6.RELEASE.jar;D:\software\maven repo\org\springframework\hateoas\spring-hateoas\0.24.0.RELEASE\spring-hateoas-0.24.0.RELEASE.jar;D:\software\maven repo\org\springframework\plugin\spring-plugin-core\1.2.0.RELEASE\spring-plugin-core-1.2.0.RELEASE.jar;D:\software\maven repo\org\atteo\evo-inflector\1.2.2\evo-inflector-1.2.2.jar;D:\software\maven repo\com\fasterxml\jackson\core\jackson-annotations\2.9.0\jackson-annotations-2.9.0.jar;D:\software\maven repo\org\slf4j\slf4j-api\1.7.25\slf4j-api-1.7.25.jar;D:\software\maven repo\com\h2database\h2\1.4.197\h2-1.4.197.jar;D:\software\maven repo\org\springframework\boot\spring-boot-starter-data-jpa\2.0.1.RELEASE\spring-boot-starter-data-jpa-2.0.1.RELEASE.jar;D:\software\maven repo\org\springframework\boot\spring-boot-starter-aop\2.0.1.RELEASE\spring-boot-starter-aop-2.0.1.RELEASE.jar;D:\software\maven repo\org\aspectj\aspectjweaver\1.8.13\aspectjweaver-1.8.13.jar;D:\software\maven repo\org\springframework\boot\spring-boot-starter-jdbc\2.0.1.RELEASE\spring-boot-starter-jdbc-2.0.1.RELEASE.jar;D:\software\maven repo\com\zaxxer\HikariCP\2.7.8\HikariCP-2.7.8.jar;D:\software\maven repo\org\springframework\spring-jdbc\5.0.5.RELEASE\spring-jdbc-5.0.5.RELEASE.jar;D:\software\maven repo\org\hibernate\hibernate-core\5.2.16.Final\hibernate-core-5.2.16.Final.jar;D:\software\maven repo\org\hibernate\javax\persistence\hibernate-jpa-2.1-api\1.0.0.Final\hibernate-jpa-2.1-api-1.0.0.Final.jar;D:\software\maven repo\org\javassist\javassist\3.22.0-GA\javassist-3.22.0-GA.jar;D:\software\maven repo\antlr\antlr\2.7.7\antlr-2.7.7.jar;D:\software\maven repo\org\jboss\jandex\2.0.3.Final\jandex-2.0.3.Final.jar;D:\software\maven repo\dom4j\dom4j\1.6.1\dom4j-1.6.1.jar;D:\software\maven repo\org\hibernate\common\hibernate-commons-annotations\5.0.1.Final\hibernate-commons-annotations-5.0.1.Final.jar;D:\software\maven repo\javax\transaction\javax.transaction-api\1.2\javax.transaction-api-1.2.jar;D:\software\maven repo\org\springframework\data\spring-data-jpa\2.0.6.RELEASE\spring-data-jpa-2.0.6.RELEASE.jar;D:\software\maven repo\org\springframework\data\spring-data-commons\2.0.6.RELEASE\spring-data-commons-2.0.6.RELEASE.jar;D:\software\maven repo\org\springframework\spring-orm\5.0.5.RELEASE\spring-orm-5.0.5.RELEASE.jar;D:\software\maven repo\org\springframework\spring-tx\5.0.5.RELEASE\spring-tx-5.0.5.RELEASE.jar;D:\software\maven repo\org\springframework\spring-aspects\5.0.5.RELEASE\spring-aspects-5.0.5.RELEASE.jar;D:\software\maven repo\org\springframework\boot\spring-boot-starter-test\2.0.1.RELEASE\spring-boot-starter-test-2.0.1.RELEASE.jar;D:\software\maven repo\org\springframework\boot\spring-boot-test\2.0.1.RELEASE\spring-boot-test-2.0.1.RELEASE.jar;D:\software\maven repo\org\springframework\boot\spring-boot-test-autoconfigure\2.0.1.RELEASE\spring-boot-test-autoconfigure-2.0.1.RELEASE.jar;D:\software\maven repo\com\jayway\jsonpath\json-path\2.4.0\json-path-2.4.0.jar;D:\software\maven repo\net\minidev\json-smart\2.3\json-smart-2.3.jar;D:\software\maven repo\net\minidev\accessors-smart\1.2\accessors-smart-1.2.jar;D:\software\maven repo\org\ow2\asm\asm\5.0.4\asm-5.0.4.jar;D:\software\maven repo\junit\junit\4.12\junit-4.12.jar;D:\software\maven repo\org\assertj\assertj-core\3.9.1\assertj-core-3.9.1.jar;D:\software\maven repo\org\mockito\mockito-core\2.15.0\mockito-core-2.15.0.jar;D:\software\maven repo\net\bytebuddy\byte-buddy\1.7.11\byte-buddy-1.7.11.jar;D:\software\maven repo\net\bytebuddy\byte-buddy-agent\1.7.11\byte-buddy-agent-1.7.11.jar;D:\software\maven repo\org\objenesis\objenesis\2.6\objenesis-2.6.jar;D:\software\maven repo\org\hamcrest\hamcrest-core\1.3\hamcrest-core-1.3.jar;D:\software\maven repo\org\hamcrest\hamcrest-library\1.3\hamcrest-library-1.3.jar;D:\software\maven repo\org\skyscreamer\jsonassert\1.5.0\jsonassert-1.5.0.jar;D:\software\maven repo\com\vaadin\external\google\android-json\0.0.20131108.vaadin1\android-json-0.0.20131108.vaadin1.jar;D:\software\maven repo\org\springframework\spring-core\5.0.5.RELEASE\spring-core-5.0.5.RELEASE.jar;D:\software\maven repo\org\springframework\spring-jcl\5.0.5.RELEASE\spring-jcl-5.0.5.RELEASE.jar;D:\software\maven repo\org\springframework\spring-test\5.0.5.RELEASE\spring-test-5.0.5.RELEASE.jar;D:\software\maven repo\org\xmlunit\xmlunit-core\2.5.1\xmlunit-core-2.5.1.jar;D:\software\maven repo\org\projectlombok\lombok\1.16.20\lombok-1.16.20.jar;, user.name=Sanjay Gupta, java.vm.specification.version=1.8, sun.java.command=C:\Users\SANJAY~1\AppData\Local\Temp\surefire8535187278932895763\surefirebooter7744775785195947448.jar C:\Users\Sanjay Gupta\AppData\Local\Temp\surefire8535187278932895763 2018-05-06T17-40-13_189-jvmRun1 surefire4422161598828872461tmp surefire_07114809663478094793tmp, java.home=C:\Program Files\Java\jdk1.8.0_65\jre, sun.arch.data.model=64, user.language=en, java.specification.vendor=Oracle Corporation, awt.toolkit=sun.awt.windows.WToolkit, java.vm.info=mixed mode, java.version=1.8.0_65, java.ext.dirs=C:\Program Files\Java\jdk1.8.0_65\jre\lib\ext;C:\WINDOWS\Sun\Java\lib\ext, sun.boot.class.path=C:\Program Files\Java\jdk1.8.0_65\jre\lib\resources.jar;C:\Program Files\Java\jdk1.8.0_65\jre\lib\rt.jar;C:\Program Files\Java\jdk1.8.0_65\jre\lib\sunrsasign.jar;C:\Program Files\Java\jdk1.8.0_65\jre\lib\jsse.jar;C:\Program Files\Java\jdk1.8.0_65\jre\lib\jce.jar;C:\Program Files\Java\jdk1.8.0_65\jre\lib\charsets.jar;C:\Program Files\Java\jdk1.8.0_65\jre\lib\jfr.jar;C:\Program Files\Java\jdk1.8.0_65\jre\classes, java.vendor=Oracle Corporation, localRepository=D:\software\maven repo, file.separator=\, java.vendor.url.bug=http://bugreport.sun.com/bugreport/, sun.io.unicode.encoding=UnicodeLittle, sun.cpu.endian=little, sun.desktop=windows, sun.cpu.isalist=amd64}}, SystemEnvironmentPropertySource@280265505 {name='systemEnvironment', properties={PATH=C:\WINDOWS\system32;C:\WINDOWS;C:\WINDOWS\System32\Wbem;C:\WINDOWS\System32\WindowsPowerShell\v1.0\;D:\software\apache-maven-3.5.3\bin;C:\Program Files\Java\jdk1.8.0_65\bin;C:\Program Files\Git\cmd;C:\Users\Sanjay Gupta\AppData\Local\Microsoft\WindowsApps;D:\software\apache-maven-3.5.3, USERDOMAIN_ROAMINGPROFILE=SANJAYGUPTA, PROCESSOR_LEVEL=6, SYSTEMDRIVE=C:, FP_NO_HOST_CHECK=NO, ALLUSERSPROFILE=C:\ProgramData, PROCESSOR_ARCHITECTURE=AMD64, MAVEN_HOME=D:\software\apache-maven-3.5.3\bin\.., PROGRAMFILES=C:\Program Files, PSMODULEPATH=C:\WINDOWS\system32\WindowsPowerShell\v1.0\Modules\, PROGRAMDATA=C:\ProgramData, USERNAME=Sanjay Gupta, WDIR=D:\, ONEDRIVE=C:\Users\Sanjay Gupta\OneDrive, PATHEXT=.COM;.EXE;.BAT;.CMD;.VBS;.VBE;.JS;.JSE;.WSF;.WSH;.MSC, CLASSWORLDS_JAR="D:\software\apache-maven-3.5.3\bin\..\boot\plexus-classworlds-2.5.2.jar", WINDIR=C:\WINDOWS, HOMEPATH=\Users\Sanjay Gupta, PROCESSOR_IDENTIFIER=Intel64 Family 6 Model 61 Stepping 4, GenuineIntel, PUBLIC=C:\Users\Public, =::=::\, =EXITCODE=00000000, LOCALAPPDATA=C:\Users\Sanjay Gupta\AppData\Local, EASYPLUSSDK="C:\Program Files (x86)\Common Files\lenovo\easyplussdk\bin", COMMONPROGRAMFILES(X86)=C:\Program Files (x86)\Common Files, USERDOMAIN=SANJAYGUPTA, LOGONSERVER=\\SANJAYGUPTA, JAVA_HOME=C:\Program Files\Java\jdk1.8.0_65, PROMPT=$P$G, PROGRAMFILES(X86)=C:\Program Files (x86), ERROR_CODE=0, EXEC_DIR=D:\Sakthi_Tasks\ws_masterdata_team, APPDATA=C:\Users\Sanjay Gupta\AppData\Roaming, PROGRAMW6432=C:\Program Files, SYSTEMROOT=C:\WINDOWS, MAVEN_CMD_LINE_ARGS=clean install, VBOX_MSI_INSTALL_PATH=C:\Program Files\Oracle\VirtualBox\, OS=Windows_NT, COMMONPROGRAMW6432=C:\Program Files\Common Files, COMPUTERNAME=SANJAYGUPTA, COMMONPROGRAMFILES=C:\Program Files\Common Files, COMSPEC=C:\WINDOWS\system32\cmd.exe, JAVACMD=C:\Program Files\Java\jdk1.8.0_65\bin\java.exe, MAVEN_PROJECTBASEDIR=D:\Sakthi_Tasks\ws_masterdata_team, PROCESSOR_REVISION=3d04, CLASSWORLDS_LAUNCHER=org.codehaus.plexus.classworlds.launcher.Launcher, =D:=D:\Sakthi_Tasks\ws_masterdata_team, TEMP=C:\Users\SANJAY~1\AppData\Local\Temp, HOMEDRIVE=C:, USERPROFILE=C:\Users\Sanjay Gupta, TMP=C:\Users\SANJAY~1\AppData\Local\Temp, NUMBER_OF_PROCESSORS=4, JVMCONFIG=\.mvn\jvm.config}}]
17:40:18.120 [main] DEBUG org.springframework.core.io.support.PathMatchingResourcePatternResolver - Resolved classpath location [com/spark/masterdata/team/] to resources [URL [file:/D:/Sakthi_Tasks/ws_masterdata_team/target/test-classes/com/spark/masterdata/team/], URL [file:/D:/Sakthi_Tasks/ws_masterdata_team/target/classes/com/spark/masterdata/team/]]
17:40:18.122 [main] DEBUG org.springframework.core.io.support.PathMatchingResourcePatternResolver - Looking for matching resources in directory tree [D:\Sakthi_Tasks\ws_masterdata_team\target\test-classes\com\spark\masterdata\team]
17:40:18.122 [main] DEBUG org.springframework.core.io.support.PathMatchingResourcePatternResolver - Searching directory [D:\Sakthi_Tasks\ws_masterdata_team\target\test-classes\com\spark\masterdata\team] for files matching pattern [D:/Sakthi_Tasks/ws_masterdata_team/target/test-classes/com/spark/masterdata/team/*.class]
17:40:18.130 [main] DEBUG org.springframework.core.io.support.PathMatchingResourcePatternResolver - Looking for matching resources in directory tree [D:\Sakthi_Tasks\ws_masterdata_team\target\classes\com\spark\masterdata\team]
17:40:18.131 [main] DEBUG org.springframework.core.io.support.PathMatchingResourcePatternResolver - Searching directory [D:\Sakthi_Tasks\ws_masterdata_team\target\classes\com\spark\masterdata\team] for files matching pattern [D:/Sakthi_Tasks/ws_masterdata_team/target/classes/com/spark/masterdata/team/*.class]
17:40:18.133 [main] DEBUG org.springframework.core.io.support.PathMatchingResourcePatternResolver - Resolved location pattern [classpath*:com/spark/masterdata/team/*.class] to resources [file [D:\Sakthi_Tasks\ws_masterdata_team\target\test-classes\com\spark\masterdata\team\MasterdataTeamApplicationTests.class], file [D:\Sakthi_Tasks\ws_masterdata_team\target\classes\com\spark\masterdata\team\MasterdataTeamApplication.class]]
17:40:18.335 [main] DEBUG org.springframework.context.annotation.ClassPathScanningCandidateComponentProvider - Identified candidate component class: file [D:\Sakthi_Tasks\ws_masterdata_team\target\classes\com\spark\masterdata\team\MasterdataTeamApplication.class]
17:40:18.338 [main] INFO org.springframework.boot.test.context.SpringBootTestContextBootstrapper - Found @SpringBootConfiguration com.spark.masterdata.team.MasterdataTeamApplication for test class com.spark.masterdata.team.MasterdataTeamApplicationTests
17:40:18.657 [main] DEBUG org.springframework.boot.test.context.SpringBootTestContextBootstrapper - @TestExecutionListeners is not present for class [com.spark.masterdata.team.MasterdataTeamApplicationTests]: using defaults.
17:40:18.658 [main] INFO org.springframework.boot.test.context.SpringBootTestContextBootstrapper - Loaded default TestExecutionListener class names from location [META-INF/spring.factories]: [org.springframework.boot.test.mock.mockito.MockitoTestExecutionListener, org.springframework.boot.test.mock.mockito.ResetMocksTestExecutionListener, org.springframework.boot.test.autoconfigure.restdocs.RestDocsTestExecutionListener, org.springframework.boot.test.autoconfigure.web.client.MockRestServiceServerResetTestExecutionListener, org.springframework.boot.test.autoconfigure.web.servlet.MockMvcPrintOnlyOnFailureTestExecutionListener, org.springframework.boot.test.autoconfigure.web.servlet.WebDriverTestExecutionListener, org.springframework.test.context.web.ServletTestExecutionListener, org.springframework.test.context.support.DirtiesContextBeforeModesTestExecutionListener, org.springframework.test.context.support.DependencyInjectionTestExecutionListener, org.springframework.test.context.support.DirtiesContextTestExecutionListener, org.springframework.test.context.transaction.TransactionalTestExecutionListener, org.springframework.test.context.jdbc.SqlScriptsTestExecutionListener]
17:40:18.723 [main] INFO org.springframework.boot.test.context.SpringBootTestContextBootstrapper - Using TestExecutionListeners: [org.springframework.test.context.web.ServletTestExecutionListener@66d18979, org.springframework.test.context.support.DirtiesContextBeforeModesTestExecutionListener@bccb269, org.springframework.boot.test.mock.mockito.MockitoTestExecutionListener@609cd4d8, org.springframework.boot.test.autoconfigure.SpringBootDependencyInjectionTestExecutionListener@17f7cd29, org.springframework.test.context.support.DirtiesContextTestExecutionListener@7d8704ef, org.springframework.test.context.transaction.TransactionalTestExecutionListener@13b6aecc, org.springframework.test.context.jdbc.SqlScriptsTestExecutionListener@158a8276, org.springframework.boot.test.mock.mockito.ResetMocksTestExecutionListener@3c3d9b6b, org.springframework.boot.test.autoconfigure.restdocs.RestDocsTestExecutionListener@79d8407f, org.springframework.boot.test.autoconfigure.web.client.MockRestServiceServerResetTestExecutionListener@5fbe4146, org.springframework.boot.test.autoconfigure.web.servlet.MockMvcPrintOnlyOnFailureTestExecutionListener@1e66f1f5, org.springframework.boot.test.autoconfigure.web.servlet.WebDriverTestExecutionListener@4e50c791]
17:40:18.728 [main] DEBUG org.springframework.test.annotation.ProfileValueUtils - Retrieved @ProfileValueSourceConfiguration [null] for test class [com.spark.masterdata.team.MasterdataTeamApplicationTests]
17:40:18.730 [main] DEBUG org.springframework.test.annotation.ProfileValueUtils - Retrieved ProfileValueSource type [class org.springframework.test.annotation.SystemProfileValueSource] for class [com.spark.masterdata.team.MasterdataTeamApplicationTests]
17:40:18.734 [main] DEBUG org.springframework.test.annotation.ProfileValueUtils - Retrieved @ProfileValueSourceConfiguration [null] for test class [com.spark.masterdata.team.MasterdataTeamApplicationTests]
17:40:18.734 [main] DEBUG org.springframework.test.annotation.ProfileValueUtils - Retrieved ProfileValueSource type [class org.springframework.test.annotation.SystemProfileValueSource] for class [com.spark.masterdata.team.MasterdataTeamApplicationTests]
17:40:18.736 [main] DEBUG org.springframework.test.annotation.ProfileValueUtils - Retrieved @ProfileValueSourceConfiguration [null] for test class [com.spark.masterdata.team.MasterdataTeamApplicationTests]
17:40:18.737 [main] DEBUG org.springframework.test.annotation.ProfileValueUtils - Retrieved ProfileValueSource type [class org.springframework.test.annotation.SystemProfileValueSource] for class [com.spark.masterdata.team.MasterdataTeamApplicationTests]
17:40:18.749 [main] DEBUG org.springframework.test.context.support.AbstractDirtiesContextTestExecutionListener - Before test class: context [DefaultTestContext@6aaceffd testClass = MasterdataTeamApplicationTests, testInstance = [null], testMethod = [null], testException = [null], mergedContextConfiguration = [WebMergedContextConfiguration@c86b9e3 testClass = MasterdataTeamApplicationTests, locations = '{}', classes = '{class com.spark.masterdata.team.MasterdataTeamApplication}', contextInitializerClasses = '[]', activeProfiles = '{}', propertySourceLocations = '{}', propertySourceProperties = '{org.springframework.boot.test.context.SpringBootTestContextBootstrapper=true}', contextCustomizers = set[org.springframework.boot.test.context.filter.ExcludeFilterContextCustomizer@61ca2dfa, org.springframework.boot.test.json.DuplicateJsonObjectContextCustomizerFactory$DuplicateJsonObjectContextCustomizer@4bb4de6a, org.springframework.boot.test.mock.mockito.MockitoContextCustomizer@0, org.springframework.boot.test.web.client.TestRestTemplateContextCustomizer@7f416310, org.springframework.boot.test.autoconfigure.properties.PropertyMappingContextCustomizer@0, org.springframework.boot.test.autoconfigure.web.servlet.WebDriverContextCustomizerFactory$Customizer@166fa74d], resourceBasePath = 'src/main/webapp', contextLoader = 'org.springframework.boot.test.context.SpringBootContextLoader', parent = [null]], attributes = map['org.springframework.test.context.web.ServletTestExecutionListener.activateListener' -> true]], class annotated with @DirtiesContext [false] with mode [null].
17:40:18.751 [main] DEBUG org.springframework.test.annotation.ProfileValueUtils - Retrieved @ProfileValueSourceConfiguration [null] for test class [com.spark.masterdata.team.MasterdataTeamApplicationTests]
17:40:18.752 [main] DEBUG org.springframework.test.annotation.ProfileValueUtils - Retrieved ProfileValueSource type [class org.springframework.test.annotation.SystemProfileValueSource] for class [com.spark.masterdata.team.MasterdataTeamApplicationTests]
17:40:18.814 [main] DEBUG org.springframework.core.env.StandardEnvironment - Adding PropertySource 'systemProperties' with lowest search precedence
17:40:18.815 [main] DEBUG org.springframework.core.env.StandardEnvironment - Adding PropertySource 'systemEnvironment' with lowest search precedence
17:40:18.815 [main] DEBUG org.springframework.core.env.StandardEnvironment - Initialized StandardEnvironment with PropertySources [MapPropertySource@1729779847 {name='systemProperties', properties={java.runtime.name=Java(TM) SE Runtime Environment, sun.boot.library.path=C:\Program Files\Java\jdk1.8.0_65\jre\bin, java.vm.version=25.65-b01, java.vm.vendor=Oracle Corporation, java.vendor.url=http://java.oracle.com/, path.separator=;, java.vm.name=Java HotSpot(TM) 64-Bit Server VM, file.encoding.pkg=sun.io, user.country=US, user.script=, sun.java.launcher=SUN_STANDARD, sun.os.patch.level=, java.vm.specification.name=Java Virtual Machine Specification, user.dir=D:\Sakthi_Tasks\ws_masterdata_team, java.runtime.version=1.8.0_65-b17, basedir=D:\Sakthi_Tasks\ws_masterdata_team, java.awt.graphicsenv=sun.awt.Win32GraphicsEnvironment, java.endorsed.dirs=C:\Program Files\Java\jdk1.8.0_65\jre\lib\endorsed, os.arch=amd64, surefire.real.class.path=C:\Users\SANJAY~1\AppData\Local\Temp\surefire8535187278932895763\surefirebooter7744775785195947448.jar, java.io.tmpdir=C:\Users\SANJAY~1\AppData\Local\Temp\, line.separator=
, java.vm.specification.vendor=Oracle Corporation, user.variant=, os.name=Windows 10, sun.jnu.encoding=Cp1252, java.library.path=C:\Program Files\Java\jdk1.8.0_65\jre\bin;C:\WINDOWS\Sun\Java\bin;C:\WINDOWS\system32;C:\WINDOWS;C:\WINDOWS\system32;C:\WINDOWS;C:\WINDOWS\System32\Wbem;C:\WINDOWS\System32\WindowsPowerShell\v1.0\;D:\software\apache-maven-3.5.3\bin;C:\Program Files\Java\jdk1.8.0_65\bin;C:\Program Files\Git\cmd;C:\Users\Sanjay Gupta\AppData\Local\Microsoft\WindowsApps;D:\software\apache-maven-3.5.3;., surefire.test.class.path=D:\Sakthi_Tasks\ws_masterdata_team\target\test-classes;D:\Sakthi_Tasks\ws_masterdata_team\target\classes;D:\software\maven repo\org\springframework\boot\spring-boot-starter-web\2.0.1.RELEASE\spring-boot-starter-web-2.0.1.RELEASE.jar;D:\software\maven repo\org\springframework\boot\spring-boot-starter\2.0.1.RELEASE\spring-boot-starter-2.0.1.RELEASE.jar;D:\software\maven repo\org\springframework\boot\spring-boot\2.0.1.RELEASE\spring-boot-2.0.1.RELEASE.jar;D:\software\maven repo\org\springframework\boot\spring-boot-autoconfigure\2.0.1.RELEASE\spring-boot-autoconfigure-2.0.1.RELEASE.jar;D:\software\maven repo\org\springframework\boot\spring-boot-starter-logging\2.0.1.RELEASE\spring-boot-starter-logging-2.0.1.RELEASE.jar;D:\software\maven repo\ch\qos\logback\logback-classic\1.2.3\logback-classic-1.2.3.jar;D:\software\maven repo\ch\qos\logback\logback-core\1.2.3\logback-core-1.2.3.jar;D:\software\maven repo\org\apache\logging\log4j\log4j-to-slf4j\2.10.0\log4j-to-slf4j-2.10.0.jar;D:\software\maven repo\org\apache\logging\log4j\log4j-api\2.10.0\log4j-api-2.10.0.jar;D:\software\maven repo\org\slf4j\jul-to-slf4j\1.7.25\jul-to-slf4j-1.7.25.jar;D:\software\maven repo\javax\annotation\javax.annotation-api\1.3.2\javax.annotation-api-1.3.2.jar;D:\software\maven repo\org\yaml\snakeyaml\1.19\snakeyaml-1.19.jar;D:\software\maven repo\org\springframework\boot\spring-boot-starter-json\2.0.1.RELEASE\spring-boot-starter-json-2.0.1.RELEASE.jar;D:\software\maven repo\com\fasterxml\jackson\core\jackson-databind\2.9.5\jackson-databind-2.9.5.jar;D:\software\maven repo\com\fasterxml\jackson\core\jackson-core\2.9.5\jackson-core-2.9.5.jar;D:\software\maven repo\com\fasterxml\jackson\datatype\jackson-datatype-jdk8\2.9.5\jackson-datatype-jdk8-2.9.5.jar;D:\software\maven repo\com\fasterxml\jackson\datatype\jackson-datatype-jsr310\2.9.5\jackson-datatype-jsr310-2.9.5.jar;D:\software\maven repo\com\fasterxml\jackson\module\jackson-module-parameter-names\2.9.5\jackson-module-parameter-names-2.9.5.jar;D:\software\maven repo\org\springframework\boot\spring-boot-starter-tomcat\2.0.1.RELEASE\spring-boot-starter-tomcat-2.0.1.RELEASE.jar;D:\software\maven repo\org\apache\tomcat\embed\tomcat-embed-core\8.5.29\tomcat-embed-core-8.5.29.jar;D:\software\maven repo\org\apache\tomcat\embed\tomcat-embed-el\8.5.29\tomcat-embed-el-8.5.29.jar;D:\software\maven repo\org\apache\tomcat\embed\tomcat-embed-websocket\8.5.29\tomcat-embed-websocket-8.5.29.jar;D:\software\maven repo\org\hibernate\validator\hibernate-validator\6.0.9.Final\hibernate-validator-6.0.9.Final.jar;D:\software\maven repo\javax\validation\validation-api\2.0.1.Final\validation-api-2.0.1.Final.jar;D:\software\maven repo\org\jboss\logging\jboss-logging\3.3.2.Final\jboss-logging-3.3.2.Final.jar;D:\software\maven repo\com\fasterxml\classmate\1.3.4\classmate-1.3.4.jar;D:\software\maven repo\org\springframework\spring-web\5.0.5.RELEASE\spring-web-5.0.5.RELEASE.jar;D:\software\maven repo\org\springframework\spring-beans\5.0.5.RELEASE\spring-beans-5.0.5.RELEASE.jar;D:\software\maven repo\org\springframework\spring-webmvc\5.0.5.RELEASE\spring-webmvc-5.0.5.RELEASE.jar;D:\software\maven repo\org\springframework\spring-aop\5.0.5.RELEASE\spring-aop-5.0.5.RELEASE.jar;D:\software\maven repo\org\springframework\spring-context\5.0.5.RELEASE\spring-context-5.0.5.RELEASE.jar;D:\software\maven repo\org\springframework\spring-expression\5.0.5.RELEASE\spring-expression-5.0.5.RELEASE.jar;D:\software\maven repo\org\springframework\boot\spring-boot-starter-data-rest\2.0.1.RELEASE\spring-boot-starter-data-rest-2.0.1.RELEASE.jar;D:\software\maven repo\org\springframework\data\spring-data-rest-webmvc\3.0.6.RELEASE\spring-data-rest-webmvc-3.0.6.RELEASE.jar;D:\software\maven repo\org\springframework\data\spring-data-rest-core\3.0.6.RELEASE\spring-data-rest-core-3.0.6.RELEASE.jar;D:\software\maven repo\org\springframework\hateoas\spring-hateoas\0.24.0.RELEASE\spring-hateoas-0.24.0.RELEASE.jar;D:\software\maven repo\org\springframework\plugin\spring-plugin-core\1.2.0.RELEASE\spring-plugin-core-1.2.0.RELEASE.jar;D:\software\maven repo\org\atteo\evo-inflector\1.2.2\evo-inflector-1.2.2.jar;D:\software\maven repo\com\fasterxml\jackson\core\jackson-annotations\2.9.0\jackson-annotations-2.9.0.jar;D:\software\maven repo\org\slf4j\slf4j-api\1.7.25\slf4j-api-1.7.25.jar;D:\software\maven repo\com\h2database\h2\1.4.197\h2-1.4.197.jar;D:\software\maven repo\org\springframework\boot\spring-boot-starter-data-jpa\2.0.1.RELEASE\spring-boot-starter-data-jpa-2.0.1.RELEASE.jar;D:\software\maven repo\org\springframework\boot\spring-boot-starter-aop\2.0.1.RELEASE\spring-boot-starter-aop-2.0.1.RELEASE.jar;D:\software\maven repo\org\aspectj\aspectjweaver\1.8.13\aspectjweaver-1.8.13.jar;D:\software\maven repo\org\springframework\boot\spring-boot-starter-jdbc\2.0.1.RELEASE\spring-boot-starter-jdbc-2.0.1.RELEASE.jar;D:\software\maven repo\com\zaxxer\HikariCP\2.7.8\HikariCP-2.7.8.jar;D:\software\maven repo\org\springframework\spring-jdbc\5.0.5.RELEASE\spring-jdbc-5.0.5.RELEASE.jar;D:\software\maven repo\org\hibernate\hibernate-core\5.2.16.Final\hibernate-core-5.2.16.Final.jar;D:\software\maven repo\org\hibernate\javax\persistence\hibernate-jpa-2.1-api\1.0.0.Final\hibernate-jpa-2.1-api-1.0.0.Final.jar;D:\software\maven repo\org\javassist\javassist\3.22.0-GA\javassist-3.22.0-GA.jar;D:\software\maven repo\antlr\antlr\2.7.7\antlr-2.7.7.jar;D:\software\maven repo\org\jboss\jandex\2.0.3.Final\jandex-2.0.3.Final.jar;D:\software\maven repo\dom4j\dom4j\1.6.1\dom4j-1.6.1.jar;D:\software\maven repo\org\hibernate\common\hibernate-commons-annotations\5.0.1.Final\hibernate-commons-annotations-5.0.1.Final.jar;D:\software\maven repo\javax\transaction\javax.transaction-api\1.2\javax.transaction-api-1.2.jar;D:\software\maven repo\org\springframework\data\spring-data-jpa\2.0.6.RELEASE\spring-data-jpa-2.0.6.RELEASE.jar;D:\software\maven repo\org\springframework\data\spring-data-commons\2.0.6.RELEASE\spring-data-commons-2.0.6.RELEASE.jar;D:\software\maven repo\org\springframework\spring-orm\5.0.5.RELEASE\spring-orm-5.0.5.RELEASE.jar;D:\software\maven repo\org\springframework\spring-tx\5.0.5.RELEASE\spring-tx-5.0.5.RELEASE.jar;D:\software\maven repo\org\springframework\spring-aspects\5.0.5.RELEASE\spring-aspects-5.0.5.RELEASE.jar;D:\software\maven repo\org\springframework\boot\spring-boot-starter-test\2.0.1.RELEASE\spring-boot-starter-test-2.0.1.RELEASE.jar;D:\software\maven repo\org\springframework\boot\spring-boot-test\2.0.1.RELEASE\spring-boot-test-2.0.1.RELEASE.jar;D:\software\maven repo\org\springframework\boot\spring-boot-test-autoconfigure\2.0.1.RELEASE\spring-boot-test-autoconfigure-2.0.1.RELEASE.jar;D:\software\maven repo\com\jayway\jsonpath\json-path\2.4.0\json-path-2.4.0.jar;D:\software\maven repo\net\minidev\json-smart\2.3\json-smart-2.3.jar;D:\software\maven repo\net\minidev\accessors-smart\1.2\accessors-smart-1.2.jar;D:\software\maven repo\org\ow2\asm\asm\5.0.4\asm-5.0.4.jar;D:\software\maven repo\junit\junit\4.12\junit-4.12.jar;D:\software\maven repo\org\assertj\assertj-core\3.9.1\assertj-core-3.9.1.jar;D:\software\maven repo\org\mockito\mockito-core\2.15.0\mockito-core-2.15.0.jar;D:\software\maven repo\net\bytebuddy\byte-buddy\1.7.11\byte-buddy-1.7.11.jar;D:\software\maven repo\net\bytebuddy\byte-buddy-agent\1.7.11\byte-buddy-agent-1.7.11.jar;D:\software\maven repo\org\objenesis\objenesis\2.6\objenesis-2.6.jar;D:\software\maven repo\org\hamcrest\hamcrest-core\1.3\hamcrest-core-1.3.jar;D:\software\maven repo\org\hamcrest\hamcrest-library\1.3\hamcrest-library-1.3.jar;D:\software\maven repo\org\skyscreamer\jsonassert\1.5.0\jsonassert-1.5.0.jar;D:\software\maven repo\com\vaadin\external\google\android-json\0.0.20131108.vaadin1\android-json-0.0.20131108.vaadin1.jar;D:\software\maven repo\org\springframework\spring-core\5.0.5.RELEASE\spring-core-5.0.5.RELEASE.jar;D:\software\maven repo\org\springframework\spring-jcl\5.0.5.RELEASE\spring-jcl-5.0.5.RELEASE.jar;D:\software\maven repo\org\springframework\spring-test\5.0.5.RELEASE\spring-test-5.0.5.RELEASE.jar;D:\software\maven repo\org\xmlunit\xmlunit-core\2.5.1\xmlunit-core-2.5.1.jar;D:\software\maven repo\org\projectlombok\lombok\1.16.20\lombok-1.16.20.jar;, java.specification.name=Java Platform API Specification, java.class.version=52.0, sun.management.compiler=HotSpot 64-Bit Tiered Compilers, os.version=10.0, user.home=C:\Users\Sanjay Gupta, user.timezone=Asia/Calcutta, java.awt.printerjob=sun.awt.windows.WPrinterJob, file.encoding=Cp1252, java.specification.version=1.8, java.class.path=D:\Sakthi_Tasks\ws_masterdata_team\target\test-classes;D:\Sakthi_Tasks\ws_masterdata_team\target\classes;D:\software\maven repo\org\springframework\boot\spring-boot-starter-web\2.0.1.RELEASE\spring-boot-starter-web-2.0.1.RELEASE.jar;D:\software\maven repo\org\springframework\boot\spring-boot-starter\2.0.1.RELEASE\spring-boot-starter-2.0.1.RELEASE.jar;D:\software\maven repo\org\springframework\boot\spring-boot\2.0.1.RELEASE\spring-boot-2.0.1.RELEASE.jar;D:\software\maven repo\org\springframework\boot\spring-boot-autoconfigure\2.0.1.RELEASE\spring-boot-autoconfigure-2.0.1.RELEASE.jar;D:\software\maven repo\org\springframework\boot\spring-boot-starter-logging\2.0.1.RELEASE\spring-boot-starter-logging-2.0.1.RELEASE.jar;D:\software\maven repo\ch\qos\logback\logback-classic\1.2.3\logback-classic-1.2.3.jar;D:\software\maven repo\ch\qos\logback\logback-core\1.2.3\logback-core-1.2.3.jar;D:\software\maven repo\org\apache\logging\log4j\log4j-to-slf4j\2.10.0\log4j-to-slf4j-2.10.0.jar;D:\software\maven repo\org\apache\logging\log4j\log4j-api\2.10.0\log4j-api-2.10.0.jar;D:\software\maven repo\org\slf4j\jul-to-slf4j\1.7.25\jul-to-slf4j-1.7.25.jar;D:\software\maven repo\javax\annotation\javax.annotation-api\1.3.2\javax.annotation-api-1.3.2.jar;D:\software\maven repo\org\yaml\snakeyaml\1.19\snakeyaml-1.19.jar;D:\software\maven repo\org\springframework\boot\spring-boot-starter-json\2.0.1.RELEASE\spring-boot-starter-json-2.0.1.RELEASE.jar;D:\software\maven repo\com\fasterxml\jackson\core\jackson-databind\2.9.5\jackson-databind-2.9.5.jar;D:\software\maven repo\com\fasterxml\jackson\core\jackson-core\2.9.5\jackson-core-2.9.5.jar;D:\software\maven repo\com\fasterxml\jackson\datatype\jackson-datatype-jdk8\2.9.5\jackson-datatype-jdk8-2.9.5.jar;D:\software\maven repo\com\fasterxml\jackson\datatype\jackson-datatype-jsr310\2.9.5\jackson-datatype-jsr310-2.9.5.jar;D:\software\maven repo\com\fasterxml\jackson\module\jackson-module-parameter-names\2.9.5\jackson-module-parameter-names-2.9.5.jar;D:\software\maven repo\org\springframework\boot\spring-boot-starter-tomcat\2.0.1.RELEASE\spring-boot-starter-tomcat-2.0.1.RELEASE.jar;D:\software\maven repo\org\apache\tomcat\embed\tomcat-embed-core\8.5.29\tomcat-embed-core-8.5.29.jar;D:\software\maven repo\org\apache\tomcat\embed\tomcat-embed-el\8.5.29\tomcat-embed-el-8.5.29.jar;D:\software\maven repo\org\apache\tomcat\embed\tomcat-embed-websocket\8.5.29\tomcat-embed-websocket-8.5.29.jar;D:\software\maven repo\org\hibernate\validator\hibernate-validator\6.0.9.Final\hibernate-validator-6.0.9.Final.jar;D:\software\maven repo\javax\validation\validation-api\2.0.1.Final\validation-api-2.0.1.Final.jar;D:\software\maven repo\org\jboss\logging\jboss-logging\3.3.2.Final\jboss-logging-3.3.2.Final.jar;D:\software\maven repo\com\fasterxml\classmate\1.3.4\classmate-1.3.4.jar;D:\software\maven repo\org\springframework\spring-web\5.0.5.RELEASE\spring-web-5.0.5.RELEASE.jar;D:\software\maven repo\org\springframework\spring-beans\5.0.5.RELEASE\spring-beans-5.0.5.RELEASE.jar;D:\software\maven repo\org\springframework\spring-webmvc\5.0.5.RELEASE\spring-webmvc-5.0.5.RELEASE.jar;D:\software\maven repo\org\springframework\spring-aop\5.0.5.RELEASE\spring-aop-5.0.5.RELEASE.jar;D:\software\maven repo\org\springframework\spring-context\5.0.5.RELEASE\spring-context-5.0.5.RELEASE.jar;D:\software\maven repo\org\springframework\spring-expression\5.0.5.RELEASE\spring-expression-5.0.5.RELEASE.jar;D:\software\maven repo\org\springframework\boot\spring-boot-starter-data-rest\2.0.1.RELEASE\spring-boot-starter-data-rest-2.0.1.RELEASE.jar;D:\software\maven repo\org\springframework\data\spring-data-rest-webmvc\3.0.6.RELEASE\spring-data-rest-webmvc-3.0.6.RELEASE.jar;D:\software\maven repo\org\springframework\data\spring-data-rest-core\3.0.6.RELEASE\spring-data-rest-core-3.0.6.RELEASE.jar;D:\software\maven repo\org\springframework\hateoas\spring-hateoas\0.24.0.RELEASE\spring-hateoas-0.24.0.RELEASE.jar;D:\software\maven repo\org\springframework\plugin\spring-plugin-core\1.2.0.RELEASE\spring-plugin-core-1.2.0.RELEASE.jar;D:\software\maven repo\org\atteo\evo-inflector\1.2.2\evo-inflector-1.2.2.jar;D:\software\maven repo\com\fasterxml\jackson\core\jackson-annotations\2.9.0\jackson-annotations-2.9.0.jar;D:\software\maven repo\org\slf4j\slf4j-api\1.7.25\slf4j-api-1.7.25.jar;D:\software\maven repo\com\h2database\h2\1.4.197\h2-1.4.197.jar;D:\software\maven repo\org\springframework\boot\spring-boot-starter-data-jpa\2.0.1.RELEASE\spring-boot-starter-data-jpa-2.0.1.RELEASE.jar;D:\software\maven repo\org\springframework\boot\spring-boot-starter-aop\2.0.1.RELEASE\spring-boot-starter-aop-2.0.1.RELEASE.jar;D:\software\maven repo\org\aspectj\aspectjweaver\1.8.13\aspectjweaver-1.8.13.jar;D:\software\maven repo\org\springframework\boot\spring-boot-starter-jdbc\2.0.1.RELEASE\spring-boot-starter-jdbc-2.0.1.RELEASE.jar;D:\software\maven repo\com\zaxxer\HikariCP\2.7.8\HikariCP-2.7.8.jar;D:\software\maven repo\org\springframework\spring-jdbc\5.0.5.RELEASE\spring-jdbc-5.0.5.RELEASE.jar;D:\software\maven repo\org\hibernate\hibernate-core\5.2.16.Final\hibernate-core-5.2.16.Final.jar;D:\software\maven repo\org\hibernate\javax\persistence\hibernate-jpa-2.1-api\1.0.0.Final\hibernate-jpa-2.1-api-1.0.0.Final.jar;D:\software\maven repo\org\javassist\javassist\3.22.0-GA\javassist-3.22.0-GA.jar;D:\software\maven repo\antlr\antlr\2.7.7\antlr-2.7.7.jar;D:\software\maven repo\org\jboss\jandex\2.0.3.Final\jandex-2.0.3.Final.jar;D:\software\maven repo\dom4j\dom4j\1.6.1\dom4j-1.6.1.jar;D:\software\maven repo\org\hibernate\common\hibernate-commons-annotations\5.0.1.Final\hibernate-commons-annotations-5.0.1.Final.jar;D:\software\maven repo\javax\transaction\javax.transaction-api\1.2\javax.transaction-api-1.2.jar;D:\software\maven repo\org\springframework\data\spring-data-jpa\2.0.6.RELEASE\spring-data-jpa-2.0.6.RELEASE.jar;D:\software\maven repo\org\springframework\data\spring-data-commons\2.0.6.RELEASE\spring-data-commons-2.0.6.RELEASE.jar;D:\software\maven repo\org\springframework\spring-orm\5.0.5.RELEASE\spring-orm-5.0.5.RELEASE.jar;D:\software\maven repo\org\springframework\spring-tx\5.0.5.RELEASE\spring-tx-5.0.5.RELEASE.jar;D:\software\maven repo\org\springframework\spring-aspects\5.0.5.RELEASE\spring-aspects-5.0.5.RELEASE.jar;D:\software\maven repo\org\springframework\boot\spring-boot-starter-test\2.0.1.RELEASE\spring-boot-starter-test-2.0.1.RELEASE.jar;D:\software\maven repo\org\springframework\boot\spring-boot-test\2.0.1.RELEASE\spring-boot-test-2.0.1.RELEASE.jar;D:\software\maven repo\org\springframework\boot\spring-boot-test-autoconfigure\2.0.1.RELEASE\spring-boot-test-autoconfigure-2.0.1.RELEASE.jar;D:\software\maven repo\com\jayway\jsonpath\json-path\2.4.0\json-path-2.4.0.jar;D:\software\maven repo\net\minidev\json-smart\2.3\json-smart-2.3.jar;D:\software\maven repo\net\minidev\accessors-smart\1.2\accessors-smart-1.2.jar;D:\software\maven repo\org\ow2\asm\asm\5.0.4\asm-5.0.4.jar;D:\software\maven repo\junit\junit\4.12\junit-4.12.jar;D:\software\maven repo\org\assertj\assertj-core\3.9.1\assertj-core-3.9.1.jar;D:\software\maven repo\org\mockito\mockito-core\2.15.0\mockito-core-2.15.0.jar;D:\software\maven repo\net\bytebuddy\byte-buddy\1.7.11\byte-buddy-1.7.11.jar;D:\software\maven repo\net\bytebuddy\byte-buddy-agent\1.7.11\byte-buddy-agent-1.7.11.jar;D:\software\maven repo\org\objenesis\objenesis\2.6\objenesis-2.6.jar;D:\software\maven repo\org\hamcrest\hamcrest-core\1.3\hamcrest-core-1.3.jar;D:\software\maven repo\org\hamcrest\hamcrest-library\1.3\hamcrest-library-1.3.jar;D:\software\maven repo\org\skyscreamer\jsonassert\1.5.0\jsonassert-1.5.0.jar;D:\software\maven repo\com\vaadin\external\google\android-json\0.0.20131108.vaadin1\android-json-0.0.20131108.vaadin1.jar;D:\software\maven repo\org\springframework\spring-core\5.0.5.RELEASE\spring-core-5.0.5.RELEASE.jar;D:\software\maven repo\org\springframework\spring-jcl\5.0.5.RELEASE\spring-jcl-5.0.5.RELEASE.jar;D:\software\maven repo\org\springframework\spring-test\5.0.5.RELEASE\spring-test-5.0.5.RELEASE.jar;D:\software\maven repo\org\xmlunit\xmlunit-core\2.5.1\xmlunit-core-2.5.1.jar;D:\software\maven repo\org\projectlombok\lombok\1.16.20\lombok-1.16.20.jar;, user.name=Sanjay Gupta, java.vm.specification.version=1.8, sun.java.command=C:\Users\SANJAY~1\AppData\Local\Temp\surefire8535187278932895763\surefirebooter7744775785195947448.jar C:\Users\Sanjay Gupta\AppData\Local\Temp\surefire8535187278932895763 2018-05-06T17-40-13_189-jvmRun1 surefire4422161598828872461tmp surefire_07114809663478094793tmp, java.home=C:\Program Files\Java\jdk1.8.0_65\jre, sun.arch.data.model=64, user.language=en, java.specification.vendor=Oracle Corporation, awt.toolkit=sun.awt.windows.WToolkit, java.vm.info=mixed mode, java.version=1.8.0_65, java.ext.dirs=C:\Program Files\Java\jdk1.8.0_65\jre\lib\ext;C:\WINDOWS\Sun\Java\lib\ext, sun.boot.class.path=C:\Program Files\Java\jdk1.8.0_65\jre\lib\resources.jar;C:\Program Files\Java\jdk1.8.0_65\jre\lib\rt.jar;C:\Program Files\Java\jdk1.8.0_65\jre\lib\sunrsasign.jar;C:\Program Files\Java\jdk1.8.0_65\jre\lib\jsse.jar;C:\Program Files\Java\jdk1.8.0_65\jre\lib\jce.jar;C:\Program Files\Java\jdk1.8.0_65\jre\lib\charsets.jar;C:\Program Files\Java\jdk1.8.0_65\jre\lib\jfr.jar;C:\Program Files\Java\jdk1.8.0_65\jre\classes, java.vendor=Oracle Corporation, localRepository=D:\software\maven repo, file.separator=\, java.vendor.url.bug=http://bugreport.sun.com/bugreport/, sun.io.unicode.encoding=UnicodeLittle, sun.cpu.endian=little, sun.desktop=windows, sun.cpu.isalist=amd64}}, SystemEnvironmentPropertySource@1431467659 {name='systemEnvironment', properties={PATH=C:\WINDOWS\system32;C:\WINDOWS;C:\WINDOWS\System32\Wbem;C:\WINDOWS\System32\WindowsPowerShell\v1.0\;D:\software\apache-maven-3.5.3\bin;C:\Program Files\Java\jdk1.8.0_65\bin;C:\Program Files\Git\cmd;C:\Users\Sanjay Gupta\AppData\Local\Microsoft\WindowsApps;D:\software\apache-maven-3.5.3, USERDOMAIN_ROAMINGPROFILE=SANJAYGUPTA, PROCESSOR_LEVEL=6, SYSTEMDRIVE=C:, FP_NO_HOST_CHECK=NO, ALLUSERSPROFILE=C:\ProgramData, PROCESSOR_ARCHITECTURE=AMD64, MAVEN_HOME=D:\software\apache-maven-3.5.3\bin\.., PROGRAMFILES=C:\Program Files, PSMODULEPATH=C:\WINDOWS\system32\WindowsPowerShell\v1.0\Modules\, PROGRAMDATA=C:\ProgramData, USERNAME=Sanjay Gupta, WDIR=D:\, ONEDRIVE=C:\Users\Sanjay Gupta\OneDrive, PATHEXT=.COM;.EXE;.BAT;.CMD;.VBS;.VBE;.JS;.JSE;.WSF;.WSH;.MSC, CLASSWORLDS_JAR="D:\software\apache-maven-3.5.3\bin\..\boot\plexus-classworlds-2.5.2.jar", WINDIR=C:\WINDOWS, HOMEPATH=\Users\Sanjay Gupta, PROCESSOR_IDENTIFIER=Intel64 Family 6 Model 61 Stepping 4, GenuineIntel, PUBLIC=C:\Users\Public, =::=::\, =EXITCODE=00000000, LOCALAPPDATA=C:\Users\Sanjay Gupta\AppData\Local, EASYPLUSSDK="C:\Program Files (x86)\Common Files\lenovo\easyplussdk\bin", COMMONPROGRAMFILES(X86)=C:\Program Files (x86)\Common Files, USERDOMAIN=SANJAYGUPTA, LOGONSERVER=\\SANJAYGUPTA, JAVA_HOME=C:\Program Files\Java\jdk1.8.0_65, PROMPT=$P$G, PROGRAMFILES(X86)=C:\Program Files (x86), ERROR_CODE=0, EXEC_DIR=D:\Sakthi_Tasks\ws_masterdata_team, APPDATA=C:\Users\Sanjay Gupta\AppData\Roaming, PROGRAMW6432=C:\Program Files, SYSTEMROOT=C:\WINDOWS, MAVEN_CMD_LINE_ARGS=clean install, VBOX_MSI_INSTALL_PATH=C:\Program Files\Oracle\VirtualBox\, OS=Windows_NT, COMMONPROGRAMW6432=C:\Program Files\Common Files, COMPUTERNAME=SANJAYGUPTA, COMMONPROGRAMFILES=C:\Program Files\Common Files, COMSPEC=C:\WINDOWS\system32\cmd.exe, JAVACMD=C:\Program Files\Java\jdk1.8.0_65\bin\java.exe, MAVEN_PROJECTBASEDIR=D:\Sakthi_Tasks\ws_masterdata_team, PROCESSOR_REVISION=3d04, CLASSWORLDS_LAUNCHER=org.codehaus.plexus.classworlds.launcher.Launcher, =D:=D:\Sakthi_Tasks\ws_masterdata_team, TEMP=C:\Users\SANJAY~1\AppData\Local\Temp, HOMEDRIVE=C:, USERPROFILE=C:\Users\Sanjay Gupta, TMP=C:\Users\SANJAY~1\AppData\Local\Temp, NUMBER_OF_PROCESSORS=4, JVMCONFIG=\.mvn\jvm.config}}]
17:40:18.824 [main] DEBUG org.springframework.test.context.support.TestPropertySourceUtils - Adding inlined properties to environment: {spring.jmx.enabled=false, org.springframework.boot.test.context.SpringBootTestContextBootstrapper=true, server.port=-1}
17:40:18.825 [main] DEBUG org.springframework.core.env.StandardEnvironment - Adding PropertySource 'Inlined Test Properties' with highest search precedence

  .   ____          _            __ _ _
 /\\ / ___'_ __ _ _(_)_ __  __ _ \ \ \ \
( ( )\___ | '_ | '_| | '_ \/ _` | \ \ \ \
 \\/  ___)| |_)| | | | | || (_| |  ) ) ) )
  '  |____| .__|_| |_|_| |_\__, | / / / /
 =========|_|==============|___/=/_/_/_/
 :: Spring Boot ::        (v2.0.1.RELEASE)

2018-05-06 17:40:19.675  INFO 12028 --- [           main] c.s.m.t.MasterdataTeamApplicationTests   : Starting MasterdataTeamApplicationTests on SanjayGupta with PID 12028 (started by Sanjay Gupta in D:\Sakthi_Tasks\ws_masterdata_team)
2018-05-06 17:40:19.675  INFO 12028 --- [           main] c.s.m.t.MasterdataTeamApplicationTests   : No active profile set, falling back to default profiles: default
2018-05-06 17:40:19.792  INFO 12028 --- [           main] o.s.w.c.s.GenericWebApplicationContext   : Refreshing org.springframework.web.context.support.GenericWebApplicationContext@514646ef: startup date [Sun May 06 17:40:19 IST 2018]; root of context hierarchy
2018-05-06 17:40:22.301  INFO 12028 --- [           main] o.s.b.f.s.DefaultListableBeanFactory     : Overriding bean definition for bean 'httpRequestHandlerAdapter' with a different definition: replacing [Root bean: class [null]; scope=; abstract=false; lazyInit=false; autowireMode=3; dependencyCheck=0; autowireCandidate=true; primary=false; factoryBeanName=org.springframework.boot.autoconfigure.web.servlet.WebMvcAutoConfiguration$EnableWebMvcConfiguration; factoryMethodName=httpRequestHandlerAdapter; initMethodName=null; destroyMethodName=(inferred); defined in class path resource [org/springframework/boot/autoconfigure/web/servlet/WebMvcAutoConfiguration$EnableWebMvcConfiguration.class]] with [Root bean: class [null]; scope=; abstract=false; lazyInit=false; autowireMode=3; dependencyCheck=0; autowireCandidate=true; primary=false; factoryBeanName=org.springframework.data.rest.webmvc.config.RepositoryRestMvcConfiguration; factoryMethodName=httpRequestHandlerAdapter; initMethodName=null; destroyMethodName=(inferred); defined in class path resource [org/springframework/data/rest/webmvc/config/RepositoryRestMvcConfiguration.class]]
2018-05-06 17:40:24.550  INFO 12028 --- [           main] trationDelegate$BeanPostProcessorChecker : Bean 'org.springframework.transaction.annotation.ProxyTransactionManagementConfiguration' of type [org.springframework.transaction.annotation.ProxyTransactionManagementConfiguration$$EnhancerBySpringCGLIB$$996308ce] is not eligible for getting processed by all BeanPostProcessors (for example: not eligible for auto-proxying)
2018-05-06 17:40:25.170  INFO 12028 --- [           main] com.zaxxer.hikari.HikariDataSource       : HikariPool-1 - Starting...
2018-05-06 17:40:28.913  INFO 12028 --- [           main] com.zaxxer.hikari.HikariDataSource       : HikariPool-1 - Start completed.
2018-05-06 17:40:28.944  INFO 12028 --- [           main] o.s.jdbc.datasource.init.ScriptUtils     : Executing SQL script from URL [file:/D:/Sakthi_Tasks/ws_masterdata_team/target/classes/schema.sql]
2018-05-06 17:40:28.960  INFO 12028 --- [           main] o.s.jdbc.datasource.init.ScriptUtils     : Executed SQL script from URL [file:/D:/Sakthi_Tasks/ws_masterdata_team/target/classes/schema.sql] in 16 ms.
2018-05-06 17:40:28.976  INFO 12028 --- [           main] o.s.jdbc.datasource.init.ScriptUtils     : Executing SQL script from URL [file:/D:/Sakthi_Tasks/ws_masterdata_team/target/classes/data.sql]
2018-05-06 17:40:28.976  WARN 12028 --- [           main] o.s.w.c.s.GenericWebApplicationContext   : Exception encountered during context initialization - cancelling refresh attempt: org.springframework.beans.factory.UnsatisfiedDependencyException: Error creating bean with name 'org.springframework.boot.autoconfigure.orm.jpa.HibernateJpaConfiguration': Unsatisfied dependency expressed through constructor parameter 0; nested exception is org.springframework.beans.factory.BeanCreationException: Error creating bean with name 'dataSource' defined in class path resource [org/springframework/boot/autoconfigure/jdbc/DataSourceConfiguration$Hikari.class]: Initialization of bean failed; nested exception is org.springframework.beans.factory.BeanCreationException: Error creating bean with name 'org.springframework.boot.autoconfigure.jdbc.DataSourceInitializerInvoker': Invocation of init method failed; nested exception is org.springframework.jdbc.datasource.init.ScriptStatementFailedException: Failed to execute SQL script statement #1 of URL [file:/D:/Sakthi_Tasks/ws_masterdata_team/target/classes/data.sql]: insert into team values(1,'Sakthi', 'Team Management'); nested exception is org.h2.jdbc.JdbcSQLException: Table "TEAM" not found; SQL statement:
insert into team values(1,'Sakthi', 'Team Management') [42102-197]
2018-05-06 17:40:29.014  INFO 12028 --- [           main] ConditionEvaluationReportLoggingListener : 

Error starting ApplicationContext. To display the conditions report re-run your application with 'debug' enabled.
2018-05-06 17:40:29.060 ERROR 12028 --- [           main] o.s.boot.SpringApplication               : Application run failed

org.springframework.beans.factory.UnsatisfiedDependencyException: Error creating bean with name 'org.springframework.boot.autoconfigure.orm.jpa.HibernateJpaConfiguration': Unsatisfied dependency expressed through constructor parameter 0; nested exception is org.springframework.beans.factory.BeanCreationException: Error creating bean with name 'dataSource' defined in class path resource [org/springframework/boot/autoconfigure/jdbc/DataSourceConfiguration$Hikari.class]: Initialization of bean failed; nested exception is org.springframework.beans.factory.BeanCreationException: Error creating bean with name 'org.springframework.boot.autoconfigure.jdbc.DataSourceInitializerInvoker': Invocation of init method failed; nested exception is org.springframework.jdbc.datasource.init.ScriptStatementFailedException: Failed to execute SQL script statement #1 of URL [file:/D:/Sakthi_Tasks/ws_masterdata_team/target/classes/data.sql]: insert into team values(1,'Sakthi', 'Team Management'); nested exception is org.h2.jdbc.JdbcSQLException: Table "TEAM" not found; SQL statement:
insert into team values(1,'Sakthi', 'Team Management') [42102-197]
	at org.springframework.beans.factory.support.ConstructorResolver.createArgumentArray(ConstructorResolver.java:729) ~[spring-beans-5.0.5.RELEASE.jar:5.0.5.RELEASE]
	at org.springframework.beans.factory.support.ConstructorResolver.autowireConstructor(ConstructorResolver.java:192) ~[spring-beans-5.0.5.RELEASE.jar:5.0.5.RELEASE]
	at org.springframework.beans.factory.support.AbstractAutowireCapableBeanFactory.autowireConstructor(AbstractAutowireCapableBeanFactory.java:1270) ~[spring-beans-5.0.5.RELEASE.jar:5.0.5.RELEASE]
	at org.springframework.beans.factory.support.AbstractAutowireCapableBeanFactory.createBeanInstance(AbstractAutowireCapableBeanFactory.java:1127) ~[spring-beans-5.0.5.RELEASE.jar:5.0.5.RELEASE]
	at org.springframework.beans.factory.support.AbstractAutowireCapableBeanFactory.doCreateBean(AbstractAutowireCapableBeanFactory.java:541) ~[spring-beans-5.0.5.RELEASE.jar:5.0.5.RELEASE]
	at org.springframework.beans.factory.support.AbstractAutowireCapableBeanFactory.createBean(AbstractAutowireCapableBeanFactory.java:501) ~[spring-beans-5.0.5.RELEASE.jar:5.0.5.RELEASE]
	at org.springframework.beans.factory.support.AbstractBeanFactory.lambda$doGetBean$0(AbstractBeanFactory.java:317) ~[spring-beans-5.0.5.RELEASE.jar:5.0.5.RELEASE]
	at org.springframework.beans.factory.support.DefaultSingletonBeanRegistry.getSingleton(DefaultSingletonBeanRegistry.java:228) ~[spring-beans-5.0.5.RELEASE.jar:5.0.5.RELEASE]
	at org.springframework.beans.factory.support.AbstractBeanFactory.doGetBean(AbstractBeanFactory.java:315) ~[spring-beans-5.0.5.RELEASE.jar:5.0.5.RELEASE]
	at org.springframework.beans.factory.support.AbstractBeanFactory.getBean(AbstractBeanFactory.java:199) ~[spring-beans-5.0.5.RELEASE.jar:5.0.5.RELEASE]
	at org.springframework.beans.factory.support.ConstructorResolver.instantiateUsingFactoryMethod(ConstructorResolver.java:368) ~[spring-beans-5.0.5.RELEASE.jar:5.0.5.RELEASE]
	at org.springframework.beans.factory.support.AbstractAutowireCapableBeanFactory.instantiateUsingFactoryMethod(AbstractAutowireCapableBeanFactory.java:1250) ~[spring-beans-5.0.5.RELEASE.jar:5.0.5.RELEASE]
	at org.springframework.beans.factory.support.AbstractAutowireCapableBeanFactory.createBeanInstance(AbstractAutowireCapableBeanFactory.java:1099) ~[spring-beans-5.0.5.RELEASE.jar:5.0.5.RELEASE]
	at org.springframework.beans.factory.support.AbstractAutowireCapableBeanFactory.doCreateBean(AbstractAutowireCapableBeanFactory.java:541) ~[spring-beans-5.0.5.RELEASE.jar:5.0.5.RELEASE]
	at org.springframework.beans.factory.support.AbstractAutowireCapableBeanFactory.createBean(AbstractAutowireCapableBeanFactory.java:501) ~[spring-beans-5.0.5.RELEASE.jar:5.0.5.RELEASE]
	at org.springframework.beans.factory.support.AbstractBeanFactory.lambda$doGetBean$0(AbstractBeanFactory.java:317) ~[spring-beans-5.0.5.RELEASE.jar:5.0.5.RELEASE]
	at org.springframework.beans.factory.support.DefaultSingletonBeanRegistry.getSingleton(DefaultSingletonBeanRegistry.java:228) ~[spring-beans-5.0.5.RELEASE.jar:5.0.5.RELEASE]
	at org.springframework.beans.factory.support.AbstractBeanFactory.doGetBean(AbstractBeanFactory.java:315) ~[spring-beans-5.0.5.RELEASE.jar:5.0.5.RELEASE]
	at org.springframework.beans.factory.support.AbstractBeanFactory.getBean(AbstractBeanFactory.java:199) ~[spring-beans-5.0.5.RELEASE.jar:5.0.5.RELEASE]
	at org.springframework.context.support.AbstractApplicationContext.getBean(AbstractApplicationContext.java:1089) ~[spring-context-5.0.5.RELEASE.jar:5.0.5.RELEASE]
	at org.springframework.context.support.AbstractApplicationContext.finishBeanFactoryInitialization(AbstractApplicationContext.java:859) ~[spring-context-5.0.5.RELEASE.jar:5.0.5.RELEASE]
	at org.springframework.context.support.AbstractApplicationContext.refresh(AbstractApplicationContext.java:550) ~[spring-context-5.0.5.RELEASE.jar:5.0.5.RELEASE]
	at org.springframework.boot.SpringApplication.refresh(SpringApplication.java:759) ~[spring-boot-2.0.1.RELEASE.jar:2.0.1.RELEASE]
	at org.springframework.boot.SpringApplication.refreshContext(SpringApplication.java:395) ~[spring-boot-2.0.1.RELEASE.jar:2.0.1.RELEASE]
	at org.springframework.boot.SpringApplication.run(SpringApplication.java:327) ~[spring-boot-2.0.1.RELEASE.jar:2.0.1.RELEASE]
	at org.springframework.boot.test.context.SpringBootContextLoader.loadContext(SpringBootContextLoader.java:138) [spring-boot-test-2.0.1.RELEASE.jar:2.0.1.RELEASE]
	at org.springframework.test.context.cache.DefaultCacheAwareContextLoaderDelegate.loadContextInternal(DefaultCacheAwareContextLoaderDelegate.java:99) [spring-test-5.0.5.RELEASE.jar:5.0.5.RELEASE]
	at org.springframework.test.context.cache.DefaultCacheAwareContextLoaderDelegate.loadContext(DefaultCacheAwareContextLoaderDelegate.java:117) [spring-test-5.0.5.RELEASE.jar:5.0.5.RELEASE]
	at org.springframework.test.context.support.DefaultTestContext.getApplicationContext(DefaultTestContext.java:108) [spring-test-5.0.5.RELEASE.jar:5.0.5.RELEASE]
	at org.springframework.test.context.web.ServletTestExecutionListener.setUpRequestContextIfNecessary(ServletTestExecutionListener.java:190) [spring-test-5.0.5.RELEASE.jar:5.0.5.RELEASE]
	at org.springframework.test.context.web.ServletTestExecutionListener.prepareTestInstance(ServletTestExecutionListener.java:132) [spring-test-5.0.5.RELEASE.jar:5.0.5.RELEASE]
	at org.springframework.test.context.TestContextManager.prepareTestInstance(TestContextManager.java:246) [spring-test-5.0.5.RELEASE.jar:5.0.5.RELEASE]
	at org.springframework.test.context.junit4.SpringJUnit4ClassRunner.createTest(SpringJUnit4ClassRunner.java:227) [spring-test-5.0.5.RELEASE.jar:5.0.5.RELEASE]
	at org.springframework.test.context.junit4.SpringJUnit4ClassRunner$1.runReflectiveCall(SpringJUnit4ClassRunner.java:289) [spring-test-5.0.5.RELEASE.jar:5.0.5.RELEASE]
	at org.junit.internal.runners.model.ReflectiveCallable.run(ReflectiveCallable.java:12) [junit-4.12.jar:4.12]
	at org.springframework.test.context.junit4.SpringJUnit4ClassRunner.methodBlock(SpringJUnit4ClassRunner.java:291) [spring-test-5.0.5.RELEASE.jar:5.0.5.RELEASE]
	at org.springframework.test.context.junit4.SpringJUnit4ClassRunner.runChild(SpringJUnit4ClassRunner.java:246) [spring-test-5.0.5.RELEASE.jar:5.0.5.RELEASE]
	at org.springframework.test.context.junit4.SpringJUnit4ClassRunner.runChild(SpringJUnit4ClassRunner.java:97) [spring-test-5.0.5.RELEASE.jar:5.0.5.RELEASE]
	at org.junit.runners.ParentRunner$3.run(ParentRunner.java:290) [junit-4.12.jar:4.12]
	at org.junit.runners.ParentRunner$1.schedule(ParentRunner.java:71) [junit-4.12.jar:4.12]
	at org.junit.runners.ParentRunner.runChildren(ParentRunner.java:288) [junit-4.12.jar:4.12]
	at org.junit.runners.ParentRunner.access$000(ParentRunner.java:58) [junit-4.12.jar:4.12]
	at org.junit.runners.ParentRunner$2.evaluate(ParentRunner.java:268) [junit-4.12.jar:4.12]
	at org.springframework.test.context.junit4.statements.RunBeforeTestClassCallbacks.evaluate(RunBeforeTestClassCallbacks.java:61) [spring-test-5.0.5.RELEASE.jar:5.0.5.RELEASE]
	at org.springframework.test.context.junit4.statements.RunAfterTestClassCallbacks.evaluate(RunAfterTestClassCallbacks.java:70) [spring-test-5.0.5.RELEASE.jar:5.0.5.RELEASE]
	at org.junit.runners.ParentRunner.run(ParentRunner.java:363) [junit-4.12.jar:4.12]
	at org.springframework.test.context.junit4.SpringJUnit4ClassRunner.run(SpringJUnit4ClassRunner.java:190) [spring-test-5.0.5.RELEASE.jar:5.0.5.RELEASE]
	at org.apache.maven.surefire.junit4.JUnit4Provider.execute(JUnit4Provider.java:365) [surefire-junit4-2.21.0.jar:2.21.0]
	at org.apache.maven.surefire.junit4.JUnit4Provider.executeWithRerun(JUnit4Provider.java:273) [surefire-junit4-2.21.0.jar:2.21.0]
	at org.apache.maven.surefire.junit4.JUnit4Provider.executeTestSet(JUnit4Provider.java:238) [surefire-junit4-2.21.0.jar:2.21.0]
	at org.apache.maven.surefire.junit4.JUnit4Provider.invoke(JUnit4Provider.java:159) [surefire-junit4-2.21.0.jar:2.21.0]
	at org.apache.maven.surefire.booter.ForkedBooter.invokeProviderInSameClassLoader(ForkedBooter.java:379) [surefire-booter-2.21.0.jar:2.21.0]
	at org.apache.maven.surefire.booter.ForkedBooter.runSuitesInProcess(ForkedBooter.java:340) [surefire-booter-2.21.0.jar:2.21.0]
	at org.apache.maven.surefire.booter.ForkedBooter.execute(ForkedBooter.java:125) [surefire-booter-2.21.0.jar:2.21.0]
	at org.apache.maven.surefire.booter.ForkedBooter.main(ForkedBooter.java:413) [surefire-booter-2.21.0.jar:2.21.0]
Caused by: org.springframework.beans.factory.BeanCreationException: Error creating bean with name 'dataSource' defined in class path resource [org/springframework/boot/autoconfigure/jdbc/DataSourceConfiguration$Hikari.class]: Initialization of bean failed; nested exception is org.springframework.beans.factory.BeanCreationException: Error creating bean with name 'org.springframework.boot.autoconfigure.jdbc.DataSourceInitializerInvoker': Invocation of init method failed; nested exception is org.springframework.jdbc.datasource.init.ScriptStatementFailedException: Failed to execute SQL script statement #1 of URL [file:/D:/Sakthi_Tasks/ws_masterdata_team/target/classes/data.sql]: insert into team values(1,'Sakthi', 'Team Management'); nested exception is org.h2.jdbc.JdbcSQLException: Table "TEAM" not found; SQL statement:
insert into team values(1,'Sakthi', 'Team Management') [42102-197]
	at org.springframework.beans.factory.support.AbstractAutowireCapableBeanFactory.doCreateBean(AbstractAutowireCapableBeanFactory.java:587) ~[spring-beans-5.0.5.RELEASE.jar:5.0.5.RELEASE]
	at org.springframework.beans.factory.support.AbstractAutowireCapableBeanFactory.createBean(AbstractAutowireCapableBeanFactory.java:501) ~[spring-beans-5.0.5.RELEASE.jar:5.0.5.RELEASE]
	at org.springframework.beans.factory.support.AbstractBeanFactory.lambda$doGetBean$0(AbstractBeanFactory.java:317) ~[spring-beans-5.0.5.RELEASE.jar:5.0.5.RELEASE]
	at org.springframework.beans.factory.support.DefaultSingletonBeanRegistry.getSingleton(DefaultSingletonBeanRegistry.java:228) ~[spring-beans-5.0.5.RELEASE.jar:5.0.5.RELEASE]
	at org.springframework.beans.factory.support.AbstractBeanFactory.doGetBean(AbstractBeanFactory.java:315) ~[spring-beans-5.0.5.RELEASE.jar:5.0.5.RELEASE]
	at org.springframework.beans.factory.support.AbstractBeanFactory.getBean(AbstractBeanFactory.java:199) ~[spring-beans-5.0.5.RELEASE.jar:5.0.5.RELEASE]
	at org.springframework.beans.factory.config.DependencyDescriptor.resolveCandidate(DependencyDescriptor.java:251) ~[spring-beans-5.0.5.RELEASE.jar:5.0.5.RELEASE]
	at org.springframework.beans.factory.support.DefaultListableBeanFactory.doResolveDependency(DefaultListableBeanFactory.java:1138) ~[spring-beans-5.0.5.RELEASE.jar:5.0.5.RELEASE]
	at org.springframework.beans.factory.support.DefaultListableBeanFactory.resolveDependency(DefaultListableBeanFactory.java:1065) ~[spring-beans-5.0.5.RELEASE.jar:5.0.5.RELEASE]
	at org.springframework.beans.factory.support.ConstructorResolver.resolveAutowiredArgument(ConstructorResolver.java:815) ~[spring-beans-5.0.5.RELEASE.jar:5.0.5.RELEASE]
	at org.springframework.beans.factory.support.ConstructorResolver.createArgumentArray(ConstructorResolver.java:721) ~[spring-beans-5.0.5.RELEASE.jar:5.0.5.RELEASE]
	... 54 common frames omitted
Caused by: org.springframework.beans.factory.BeanCreationException: Error creating bean with name 'org.springframework.boot.autoconfigure.jdbc.DataSourceInitializerInvoker': Invocation of init method failed; nested exception is org.springframework.jdbc.datasource.init.ScriptStatementFailedException: Failed to execute SQL script statement #1 of URL [file:/D:/Sakthi_Tasks/ws_masterdata_team/target/classes/data.sql]: insert into team values(1,'Sakthi', 'Team Management'); nested exception is org.h2.jdbc.JdbcSQLException: Table "TEAM" not found; SQL statement:
insert into team values(1,'Sakthi', 'Team Management') [42102-197]
	at org.springframework.beans.factory.support.AbstractAutowireCapableBeanFactory.initializeBean(AbstractAutowireCapableBeanFactory.java:1702) ~[spring-beans-5.0.5.RELEASE.jar:5.0.5.RELEASE]
	at org.springframework.beans.factory.support.AbstractAutowireCapableBeanFactory.doCreateBean(AbstractAutowireCapableBeanFactory.java:579) ~[spring-beans-5.0.5.RELEASE.jar:5.0.5.RELEASE]
	at org.springframework.beans.factory.support.AbstractAutowireCapableBeanFactory.createBean(AbstractAutowireCapableBeanFactory.java:501) ~[spring-beans-5.0.5.RELEASE.jar:5.0.5.RELEASE]
	at org.springframework.beans.factory.support.AbstractBeanFactory.lambda$doGetBean$0(AbstractBeanFactory.java:317) ~[spring-beans-5.0.5.RELEASE.jar:5.0.5.RELEASE]
	at org.springframework.beans.factory.support.DefaultSingletonBeanRegistry.getSingleton(DefaultSingletonBeanRegistry.java:228) ~[spring-beans-5.0.5.RELEASE.jar:5.0.5.RELEASE]
	at org.springframework.beans.factory.support.AbstractBeanFactory.doGetBean(AbstractBeanFactory.java:315) ~[spring-beans-5.0.5.RELEASE.jar:5.0.5.RELEASE]
	at org.springframework.beans.factory.support.AbstractBeanFactory.getBean(AbstractBeanFactory.java:224) ~[spring-beans-5.0.5.RELEASE.jar:5.0.5.RELEASE]
	at org.springframework.beans.factory.support.DefaultListableBeanFactory.resolveNamedBean(DefaultListableBeanFactory.java:1015) ~[spring-beans-5.0.5.RELEASE.jar:5.0.5.RELEASE]
	at org.springframework.beans.factory.support.DefaultListableBeanFactory.getBean(DefaultListableBeanFactory.java:339) ~[spring-beans-5.0.5.RELEASE.jar:5.0.5.RELEASE]
[...]
	at org.springframework.test.context.junit4.SpringJUnit4ClassRunner$1.runReflectiveCall(SpringJUnit4ClassRunner.java:289) [spring-test-5.0.5.RELEASE.jar:5.0.5.RELEASE]
	at org.junit.internal.runners.model.ReflectiveCallable.run(ReflectiveCallable.java:12) [junit-4.12.jar:4.12]
	at org.springframework.test.context.junit4.SpringJUnit4ClassRunner.methodBlock(SpringJUnit4ClassRunner.java:291) [spring-test-5.0.5.RELEASE.jar:5.0.5.RELEASE]
	at org.springframework.test.context.junit4.SpringJUnit4ClassRunner.runChild(SpringJUnit4ClassRunner.java:246) [spring-test-5.0.5.RELEASE.jar:5.0.5.RELEASE]
	at org.springframework.test.context.junit4.SpringJUnit4ClassRunner.runChild(SpringJUnit4ClassRunner.java:97) [spring-test-5.0.5.RELEASE.jar:5.0.5.RELEASE]
	at org.junit.runners.ParentRunner$3.run(ParentRunner.java:290) [junit-4.12.jar:4.12]
	at org.junit.runners.ParentRunner$1.schedule(ParentRunner.java:71) [junit-4.12.jar:4.12]
	at org.junit.runners.ParentRunner.runChildren(ParentRunner.java:288) [junit-4.12.jar:4.12]
	at org.junit.runners.ParentRunner.access$000(ParentRunner.java:58) [junit-4.12.jar:4.12]
	at org.junit.runners.ParentRunner$2.evaluate(ParentRunner.java:268) [junit-4.12.jar:4.12]
	at org.springframework.test.context.junit4.statements.RunBeforeTestClassCallbacks.evaluate(RunBeforeTestClassCallbacks.java:61) [spring-test-5.0.5.RELEASE.jar:5.0.5.RELEASE]
	at org.springframework.test.context.junit4.statements.RunAfterTestClassCallbacks.evaluate(RunAfterTestClassCallbacks.java:70) [spring-test-5.0.5.RELEASE.jar:5.0.5.RELEASE]
	at org.junit.runners.ParentRunner.run(ParentRunner.java:363) [junit-4.12.jar:4.12]
	at org.springframework.test.context.junit4.SpringJUnit4ClassRunner.run(SpringJUnit4ClassRunner.java:190) [spring-test-5.0.5.RELEASE.jar:5.0.5.RELEASE]
	at org.apache.maven.surefire.junit4.JUnit4Provider.execute(JUnit4Provider.java:365) [surefire-junit4-2.21.0.jar:2.21.0]
	at org.apache.maven.surefire.junit4.JUnit4Provider.executeWithRerun(JUnit4Provider.java:273) [surefire-junit4-2.21.0.jar:2.21.0]
	at org.apache.maven.surefire.junit4.JUnit4Provider.executeTestSet(JUnit4Provider.java:238) [surefire-junit4-2.21.0.jar:2.21.0]
	at org.apache.maven.surefire.junit4.JUnit4Provider.invoke(JUnit4Provider.java:159) [surefire-junit4-2.21.0.jar:2.21.0]
	at org.apache.maven.surefire.booter.ForkedBooter.invokeProviderInSameClassLoader(ForkedBooter.java:379) [surefire-booter-2.21.0.jar:2.21.0]
	at org.apache.maven.surefire.booter.ForkedBooter.runSuitesInProcess(ForkedBooter.java:340) [surefire-booter-2.21.0.jar:2.21.0]
	at org.apache.maven.surefire.booter.ForkedBooter.execute(ForkedBooter.java:125) [surefire-booter-2.21.0.jar:2.21.0]
	at org.apache.maven.surefire.booter.ForkedBooter.main(ForkedBooter.java:413) [surefire-booter-2.21.0.jar:2.21.0]
Caused by: org.springframework.beans.factory.UnsatisfiedDependencyException: Error creating bean with name 'org.springframework.boot.autoconfigure.orm.jpa.HibernateJpaConfiguration': Unsatisfied dependency expressed through constructor parameter 0; nested exception is org.springframework.beans.factory.BeanCreationException: Error creating bean with name 'dataSource' defined in class path resource [org/springframework/boot/autoconfigure/jdbc/DataSourceConfiguration$Hikari.class]: Initialization of bean failed; nested exception is org.springframework.beans.factory.BeanCreationException: Error creating bean with name 'org.springframework.boot.autoconfigure.jdbc.DataSourceInitializerInvoker': Invocation of init method failed; nested exception is org.springframework.jdbc.datasource.init.ScriptStatementFailedException: Failed to execute SQL script statement #1 of URL [file:/D:/Sakthi_Tasks/ws_masterdata_team/target/classes/data.sql]: insert into team values(1,'Sakthi', 'Team Management'); nested exception is org.h2.jdbc.JdbcSQLException: Table "TEAM" not found; SQL statement:
insert into team values(1,'Sakthi', 'Team Management') [42102-197]
	at org.springframework.beans.factory.support.ConstructorResolver.createArgumentArray(ConstructorResolver.java:729) ~[spring-beans-5.0.5.RELEASE.jar:5.0.5.RELEASE]
	at org.springframework.beans.factory.support.ConstructorResolver.autowireConstructor(ConstructorResolver.java:192) ~[spring-beans-5.0.5.RELEASE.jar:5.0.5.RELEASE]
	at org.springframework.beans.factory.support.AbstractAutowireCapableBeanFactory.autowireConstructor(AbstractAutowireCapableBeanFactory.java:1270) ~[spring-beans-5.0.5.RELEASE.jar:5.0.5.RELEASE]
	at org.springframework.beans.factory.support.AbstractAutowireCapableBeanFactory.createBeanInstance(AbstractAutowireCapableBeanFactory.java:1127) ~[spring-beans-5.0.5.RELEASE.jar:5.0.5.RELEASE]
	at org.springframework.beans.factory.support.AbstractAutowireCapableBeanFactory.doCreateBean(AbstractAutowireCapableBeanFactory.java:541) ~[spring-beans-5.0.5.RELEASE.jar:5.0.5.RELEASE]
	at org.springframework.beans.factory.support.AbstractAutowireCapableBeanFactory.createBean(AbstractAutowireCapableBeanFactory.java:501) ~[spring-beans-5.0.5.RELEASE.jar:5.0.5.RELEASE]
	at org.springframework.beans.factory.support.AbstractBeanFactory.lambda$doGetBean$0(AbstractBeanFactory.java:317) ~[spring-beans-5.0.5.RELEASE.jar:5.0.5.RELEASE]
	at org.springframework.beans.factory.support.DefaultSingletonBeanRegistry.getSingleton(DefaultSingletonBeanRegistry.java:228) ~[spring-beans-5.0.5.RELEASE.jar:5.0.5.RELEASE]
	at org.springframework.beans.factory.support.AbstractBeanFactory.doGetBean(AbstractBeanFactory.java:315) ~[spring-beans-5.0.5.RELEASE.jar:5.0.5.RELEASE]
	at org.springframework.beans.factory.support.AbstractBeanFactory.getBean(AbstractBeanFactory.java:199) ~[spring-beans-5.0.5.RELEASE.jar:5.0.5.RELEASE]
	at org.springframework.beans.factory.support.ConstructorResolver.instantiateUsingFactoryMethod(ConstructorResolver.java:368) ~[spring-beans-5.0.5.RELEASE.jar:5.0.5.RELEASE]
	at org.springframework.beans.factory.support.AbstractAutowireCapableBeanFactory.instantiateUsingFactoryMethod(AbstractAutowireCapableBeanFactory.java:1250) ~[spring-beans-5.0.5.RELEASE.jar:5.0.5.RELEASE]
	at org.springframework.beans.factory.support.AbstractAutowireCapableBeanFactory.createBeanInstance(AbstractAutowireCapableBeanFactory.java:1099) ~[spring-beans-5.0.5.RELEASE.jar:5.0.5.RELEASE]
	at org.springframework.beans.factory.support.AbstractAutowireCapableBeanFactory.doCreateBean(AbstractAutowireCapableBeanFactory.java:541) ~[spring-beans-5.0.5.RELEASE.jar:5.0.5.RELEASE]
	at org.springframework.beans.factory.support.AbstractAutowireCapableBeanFactory.createBean(AbstractAutowireCapableBeanFactory.java:501) ~[spring-beans-5.0.5.RELEASE.jar:5.0.5.RELEASE]
	at org.springframework.beans.factory.support.AbstractBeanFactory.lambda$doGetBean$0(AbstractBeanFactory.java:317) ~[spring-beans-5.0.5.RELEASE.jar:5.0.5.RELEASE]
	at org.springframework.beans.factory.support.DefaultSingletonBeanRegistry.getSingleton(DefaultSingletonBeanRegistry.java:228) ~[spring-beans-5.0.5.RELEASE.jar:5.0.5.RELEASE]
	at org.springframework.beans.factory.support.AbstractBeanFactory.doGetBean(AbstractBeanFactory.java:315) ~[spring-beans-5.0.5.RELEASE.jar:5.0.5.RELEASE]
	at org.springframework.beans.factory.support.AbstractBeanFactory.getBean(AbstractBeanFactory.java:199) ~[spring-beans-5.0.5.RELEASE.jar:5.0.5.RELEASE]
	at org.springframework.context.support.AbstractApplicationContext.getBean(AbstractApplicationContext.java:1089) ~[spring-context-5.0.5.RELEASE.jar:5.0.5.RELEASE]
	at org.springframework.context.support.AbstractApplicationContext.finishBeanFactoryInitialization(AbstractApplicationContext.java:859) ~[spring-context-5.0.5.RELEASE.jar:5.0.5.RELEASE]
	at org.springframework.context.support.AbstractApplicationContext.refresh(AbstractApplicationContext.java:550) ~[spring-context-5.0.5.RELEASE.jar:5.0.5.RELEASE]
	at org.springframework.boot.SpringApplication.refresh(SpringApplication.java:759) ~[spring-boot-2.0.1.RELEASE.jar:2.0.1.RELEASE]
	at org.springframework.boot.SpringApplication.refreshContext(SpringApplication.java:395) ~[spring-boot-2.0.1.RELEASE.jar:2.0.1.RELEASE]
	at org.springframework.boot.SpringApplication.run(SpringApplication.java:327) ~[spring-boot-2.0.1.RELEASE.jar:2.0.1.RELEASE]
	at org.springframework.boot.test.context.SpringBootContextLoader.loadContext(SpringBootContextLoader.java:138) ~[spring-boot-test-2.0.1.RELEASE.jar:2.0.1.RELEASE]
	at org.springframework.test.context.cache.DefaultCacheAwareContextLoaderDelegate.loadContextInternal(DefaultCacheAwareContextLoaderDelegate.java:99) ~[spring-test-5.0.5.RELEASE.jar:5.0.5.RELEASE]
	at org.springframework.test.context.cache.DefaultCacheAwareContextLoaderDelegate.loadContext(DefaultCacheAwareContextLoaderDelegate.java:117) ~[spring-test-5.0.5.RELEASE.jar:5.0.5.RELEASE]
	... 27 common frames omitted
Caused by: org.springframework.beans.factory.BeanCreationException: Error creating bean with name 'dataSource' defined in class path resource [org/springframework/boot/autoconfigure/jdbc/DataSourceConfiguration$Hikari.class]: Initialization of bean failed; nested exception is org.springframework.beans.factory.BeanCreationException: Error creating bean with name 'org.springframework.boot.autoconfigure.jdbc.DataSourceInitializerInvoker': Invocation of init method failed; nested exception is org.springframework.jdbc.datasource.init.ScriptStatementFailedException: Failed to execute SQL script statement #1 of URL [file:/D:/Sakthi_Tasks/ws_masterdata_team/target/classes/data.sql]: insert into team values(1,'Sakthi', 'Team Management'); nested exception is org.h2.jdbc.JdbcSQLException: Table "TEAM" not found; SQL statement:
insert into team values(1,'Sakthi', 'Team Management') [42102-197]
	at org.springframework.beans.factory.support.AbstractAutowireCapableBeanFactory.doCreateBean(AbstractAutowireCapableBeanFactory.java:587) ~[spring-beans-5.0.5.RELEASE.jar:5.0.5.RELEASE]
	at org.springframework.beans.factory.support.AbstractAutowireCapableBeanFactory.createBean(AbstractAutowireCapableBeanFactory.java:501) ~[spring-beans-5.0.5.RELEASE.jar:5.0.5.RELEASE]
	at org.springframework.beans.factory.support.AbstractBeanFactory.lambda$doGetBean$0(AbstractBeanFactory.java:317) ~[spring-beans-5.0.5.RELEASE.jar:5.0.5.RELEASE]
	at org.springframework.beans.factory.support.DefaultSingletonBeanRegistry.getSingleton(DefaultSingletonBeanRegistry.java:228) ~[spring-beans-5.0.5.RELEASE.jar:5.0.5.RELEASE]
	at org.springframework.beans.factory.support.AbstractBeanFactory.doGetBean(AbstractBeanFactory.java:315) ~[spring-beans-5.0.5.RELEASE.jar:5.0.5.RELEASE]
	at org.springframework.beans.factory.support.AbstractBeanFactory.getBean(AbstractBeanFactory.java:199) ~[spring-beans-5.0.5.RELEASE.jar:5.0.5.RELEASE]
	at org.springframework.beans.factory.config.DependencyDescriptor.resolveCandidate(DependencyDescriptor.java:251) ~[spring-beans-5.0.5.RELEASE.jar:5.0.5.RELEASE]
	at org.springframework.beans.factory.support.DefaultListableBeanFactory.doResolveDependency(DefaultListableBeanFactory.java:1138) ~[spring-beans-5.0.5.RELEASE.jar:5.0.5.RELEASE]
	at org.springframework.beans.factory.support.DefaultListableBeanFactory.resolveDependency(DefaultListableBeanFactory.java:1065) ~[spring-beans-5.0.5.RELEASE.jar:5.0.5.RELEASE]
	at org.springframework.beans.factory.support.ConstructorResolver.resolveAutowiredArgument(ConstructorResolver.java:815) ~[spring-beans-5.0.5.RELEASE.jar:5.0.5.RELEASE]
	at org.springframework.beans.factory.support.ConstructorResolver.createArgumentArray(ConstructorResolver.java:721) ~[spring-beans-5.0.5.RELEASE.jar:5.0.5.RELEASE]
	... 54 common frames omitted
Caused by: org.springframework.beans.factory.BeanCreationException: Error creating bean with name 'org.springframework.boot.autoconfigure.jdbc.DataSourceInitializerInvoker': Invocation of init method failed; nested exception is org.springframework.jdbc.datasource.init.ScriptStatementFailedException: Failed to execute SQL script statement #1 of URL [file:/D:/Sakthi_Tasks/ws_masterdata_team/target/classes/data.sql]: insert into team values(1,'Sakthi', 'Team Management'); nested exception is org.h2.jdbc.JdbcSQLException: Table "TEAM" not found; SQL statement:
insert into team values(1,'Sakthi', 'Team Management') [42102-197]
	at org.springframework.beans.factory.support.AbstractAutowireCapableBeanFactory.initializeBean(AbstractAutowireCapableBeanFactory.java:1702) ~[spring-beans-5.0.5.RELEASE.jar:5.0.5.RELEASE]
	at org.springframework.beans.factory.support.AbstractAutowireCapableBeanFactory.doCreateBean(AbstractAutowireCapableBeanFactory.java:579) ~[spring-beans-5.0.5.RELEASE.jar:5.0.5.RELEASE]
	at org.springframework.beans.factory.support.AbstractAutowireCapableBeanFactory.createBean(AbstractAutowireCapableBeanFactory.java:501) ~[spring-beans-5.0.5.RELEASE.jar:5.0.5.RELEASE]
	at org.springframework.beans.factory.support.AbstractBeanFactory.lambda$doGetBean$0(AbstractBeanFactory.java:317) ~[spring-beans-5.0.5.RELEASE.jar:5.0.5.RELEASE]
	at org.springframework.beans.factory.support.DefaultSingletonBeanRegistry.getSingleton(DefaultSingletonBeanRegistry.java:228) ~[spring-beans-5.0.5.RELEASE.jar:5.0.5.RELEASE]
	at org.springframework.beans.factory.support.AbstractBeanFactory.doGetBean(AbstractBeanFactory.java:315) ~[spring-beans-5.0.5.RELEASE.jar:5.0.5.RELEASE]
	at org.springframework.beans.factory.support.AbstractBeanFactory.getBean(AbstractBeanFactory.java:224) ~[spring-beans-5.0.5.RELEASE.jar:5.0.5.RELEASE]
	at org.springframework.beans.factory.support.DefaultListableBeanFactory.resolveNamedBean(DefaultListableBeanFactory.java:1015) ~[spring-beans-5.0.5.RELEASE.jar:5.0.5.RELEASE]
	at org.springframework.beans.factory.support.DefaultListableBeanFactory.getBean(DefaultListableBeanFactory.java:339) ~[spring-beans-5.0.5.RELEASE.jar:5.0.5.RELEASE]
	at org.springframework.beans.factory.support.DefaultListableBeanFactory.getBean(DefaultListableBeanFactory.java:334) ~[spring-beans-5.0.5.RELEASE.jar:5.0.5.RELEASE]
	at org.springframework.boot.autoconfigure.jdbc.DataSourceInitializerPostProcessor.postProcessAfterInitialization(DataSourceInitializerPostProcessor.java:55) ~[spring-boot-autoconfigure-2.0.1.RELEASE.jar:2.0.1.RELEASE]
	at org.springframework.beans.factory.support.AbstractAutowireCapableBeanFactory.applyBeanPostProcessorsAfterInitialization(AbstractAutowireCapableBeanFactory.java:437) ~[spring-beans-5.0.5.RELEASE.jar:5.0.5.RELEASE]
	at org.springframework.beans.factory.support.AbstractAutowireCapableBeanFactory.initializeBean(AbstractAutowireCapableBeanFactory.java:1706) ~[spring-beans-5.0.5.RELEASE.jar:5.0.5.RELEASE]
	at org.springframework.beans.factory.support.AbstractAutowireCapableBeanFactory.doCreateBean(AbstractAutowireCapableBeanFactory.java:579) ~[spring-beans-5.0.5.RELEASE.jar:5.0.5.RELEASE]
	... 64 common frames omitted
Caused by: org.springframework.jdbc.datasource.init.ScriptStatementFailedException: Failed to execute SQL script statement #1 of URL [file:/D:/Sakthi_Tasks/ws_masterdata_team/target/classes/data.sql]: insert into team values(1,'Sakthi', 'Team Management'); nested exception is org.h2.jdbc.JdbcSQLException: Table "TEAM" not found; SQL statement:
insert into team values(1,'Sakthi', 'Team Management') [42102-197]
	at org.springframework.jdbc.datasource.init.ScriptUtils.executeSqlScript(ScriptUtils.java:494) ~[spring-jdbc-5.0.5.RELEASE.jar:5.0.5.RELEASE]
	at org.springframework.jdbc.datasource.init.ResourceDatabasePopulator.populate(ResourceDatabasePopulator.java:240) ~[spring-jdbc-5.0.5.RELEASE.jar:5.0.5.RELEASE]
	at org.springframework.jdbc.datasource.init.DatabasePopulatorUtils.execute(DatabasePopulatorUtils.java:48) ~[spring-jdbc-5.0.5.RELEASE.jar:5.0.5.RELEASE]
	at org.springframework.boot.autoconfigure.jdbc.DataSourceInitializer.runScripts(DataSourceInitializer.java:210) ~[spring-boot-autoconfigure-2.0.1.RELEASE.jar:2.0.1.RELEASE]
	at org.springframework.boot.autoconfigure.jdbc.DataSourceInitializer.initSchema(DataSourceInitializer.java:123) ~[spring-boot-autoconfigure-2.0.1.RELEASE.jar:2.0.1.RELEASE]
	at org.springframework.boot.autoconfigure.jdbc.DataSourceInitializerInvoker.onApplicationEvent(DataSourceInitializerInvoker.java:93) ~[spring-boot-autoconfigure-2.0.1.RELEASE.jar:2.0.1.RELEASE]
	at org.springframework.boot.autoconfigure.jdbc.DataSourceInitializerInvoker.onApplicationEvent(DataSourceInitializerInvoker.java:37) ~[spring-boot-autoconfigure-2.0.1.RELEASE.jar:2.0.1.RELEASE]
	at org.springframework.context.event.SimpleApplicationEventMulticaster.doInvokeListener(SimpleApplicationEventMulticaster.java:172) ~[spring-context-5.0.5.RELEASE.jar:5.0.5.RELEASE]
	at org.springframework.context.event.SimpleApplicationEventMulticaster.invokeListener(SimpleApplicationEventMulticaster.java:165) ~[spring-context-5.0.5.RELEASE.jar:5.0.5.RELEASE]
	at org.springframework.context.event.SimpleApplicationEventMulticaster.multicastEvent(SimpleApplicationEventMulticaster.java:139) ~[spring-context-5.0.5.RELEASE.jar:5.0.5.RELEASE]
	at org.springframework.context.support.AbstractApplicationContext.publishEvent(AbstractApplicationContext.java:400) ~[spring-context-5.0.5.RELEASE.jar:5.0.5.RELEASE]
	at org.springframework.context.support.AbstractApplicationContext.publishEvent(AbstractApplicationContext.java:354) ~[spring-context-5.0.5.RELEASE.jar:5.0.5.RELEASE]
	at org.springframework.boot.autoconfigure.jdbc.DataSourceInitializerInvoker.initialize(DataSourceInitializerInvoker.java:73) ~[spring-boot-autoconfigure-2.0.1.RELEASE.jar:2.0.1.RELEASE]
	at org.springframework.boot.autoconfigure.jdbc.DataSourceInitializerInvoker.afterPropertiesSet(DataSourceInitializerInvoker.java:66) ~[spring-boot-autoconfigure-2.0.1.RELEASE.jar:2.0.1.RELEASE]
	at org.springframework.beans.factory.support.AbstractAutowireCapableBeanFactory.invokeInitMethods(AbstractAutowireCapableBeanFactory.java:1761) ~[spring-beans-5.0.5.RELEASE.jar:5.0.5.RELEASE]
	at org.springframework.beans.factory.support.AbstractAutowireCapableBeanFactory.initializeBean(AbstractAutowireCapableBeanFactory.java:1698) ~[spring-beans-5.0.5.RELEASE.jar:5.0.5.RELEASE]
	... 77 common frames omitted
Caused by: org.h2.jdbc.JdbcSQLException: Table "TEAM" not found; SQL statement:
insert into team values(1,'Sakthi', 'Team Management') [42102-197]
	at org.h2.message.DbException.getJdbcSQLException(DbException.java:357) ~[h2-1.4.197.jar:1.4.197]
	at org.h2.message.DbException.get(DbException.java:179) ~[h2-1.4.197.jar:1.4.197]
	at org.h2.message.DbException.get(DbException.java:155) ~[h2-1.4.197.jar:1.4.197]
	at org.h2.command.Parser.readTableOrView(Parser.java:5920) ~[h2-1.4.197.jar:1.4.197]
	at org.h2.command.Parser.readTableOrView(Parser.java:5897) ~[h2-1.4.197.jar:1.4.197]
	at org.h2.command.Parser.parseInsert(Parser.java:1220) ~[h2-1.4.197.jar:1.4.197]
	at org.h2.command.Parser.parsePrepared(Parser.java:431) ~[h2-1.4.197.jar:1.4.197]
	at org.h2.command.Parser.parse(Parser.java:335) ~[h2-1.4.197.jar:1.4.197]
	at org.h2.command.Parser.parse(Parser.java:307) ~[h2-1.4.197.jar:1.4.197]
	at org.h2.command.Parser.prepareCommand(Parser.java:278) ~[h2-1.4.197.jar:1.4.197]
	at org.h2.engine.Session.prepareLocal(Session.java:611) ~[h2-1.4.197.jar:1.4.197]
	at org.h2.engine.Session.prepareCommand(Session.java:549) ~[h2-1.4.197.jar:1.4.197]
	at org.h2.jdbc.JdbcConnection.prepareCommand(JdbcConnection.java:1247) ~[h2-1.4.197.jar:1.4.197]
	at org.h2.jdbc.JdbcStatement.executeInternal(JdbcStatement.java:217) ~[h2-1.4.197.jar:1.4.197]
	at org.h2.jdbc.JdbcStatement.execute(JdbcStatement.java:205) ~[h2-1.4.197.jar:1.4.197]
	at com.zaxxer.hikari.pool.ProxyStatement.execute(ProxyStatement.java:95) ~[HikariCP-2.7.8.jar:na]
	at com.zaxxer.hikari.pool.HikariProxyStatement.execute(HikariProxyStatement.java) ~[HikariCP-2.7.8.jar:na]
	at org.springframework.jdbc.datasource.init.ScriptUtils.executeSqlScript(ScriptUtils.java:473) ~[spring-jdbc-5.0.5.RELEASE.jar:5.0.5.RELEASE]
	... 92 common frames omitted

]]></system-out>
  </testcase>
</testsuite>